0.495597 0
0.5014 0.00580372
0.504212 0.00437396
0.502962 0.00333567
0.505365 0.00352849
0.507279 0.00345853
0.507983 0.00300671
0.507722 0.002617
0.503832 0.00452284
0.499097 0.00622739
0.502421 0.0065403
0.502634 0.00597423
0.500831 0.00578346
0.498849 0.00570982
0.498361 0.00533787
0.49877 0.00500987
0.499405 0.00474858
0.49614 0.00554123
0.499446 0.00619732
0.500906 0.00605787
0.499423 0.00595002
0.50067 0.00580847
0.501404 0.00559856
0.502862 0.00555496
0.502004 0.00539685
0.501925 0.00518572
0.501288 0.0050305
0.502659 0.0050376
0.502464 0.00486467
0.501648 0.00477012
0.501252 0.00463064
0.501479 0.00448935
0.503488 0.00479254
0.503733 0.00465588
0.503172 0.00455552
0.501524 0.00472407
0.501358 0.00459761
0.500919 0.00449647
0.500573 0.0043933
0.49947 0.00442174
0.498514 0.00441726
0.497815 0.00436713
0.497822 0.00426437
0.49822 0.00418528
0.498207 0.00409124
0.497245 0.00411514
0.497169 0.00402736
0.496936 0.00394944
0.496047 0.00396879
0.496379 0.00390275
0.496924 0.00386408
0.496059 0.00388655
0.495986 0.00381322
0.495971 0.00374196
0.495037 0.00379021
0.495664 0.0037745
0.496066 0.00372933
0.496402 0.00367986
0.49724 0.00371283
0.496674 0.00369399
0.496466 0.00363892
0.496624 0.00358325
0.497121 0.00356074
0.497937 0.00359853
0.497987 0.00354308
0.497592 0.00351124
0.497418 0.00346281
0.49705 0.00343136
0.49735 0.00339455
0.497443 0.00334702
0.497222 0.00330696
0.496483 0.00334341
0.496955 0.00333095
0.497102 0.00328892
0.496905 0.00325079
0.496417 0.00324451
0.496143 0.0032138
0.496013 0.00317503
0.495648 0.00315572
0.495838 0.00312181
0.495708 0.00308574
0.495953 0.00305767
0.496207 0.0030313
0.496516 0.00301089
0.496734 0.00298325
0.496163 0.0030032
0.496372 0.00297583
0.495642 0.00303103
0.495645 0.00299678
0.496161 0.00300801
0.496413 0.0029854
0.496363 0.0029532
0.496997 0.0029892
0.497353 0.00297858
0.497284 0.00294787
0.497292 0.00291702
0.498019 0.00297698
0.497815 0.00295351
0.498231 0.00295302
0.498065 0.00292806
