98.48
97.3
77.44
97.96
105.98
104.3
83.6
73.74
104.18
109.62
98.52
98
103.28
97.7
97.48
90.16
103.84
110.32
104.46
101.04
112.2
78.2
97.8
107.68
77.86
102.88
91.94
66.12
106.54
95.04
100.88
98.56
109.64
89.76
86.7
93.22
106.34
125.78
100.96
88.34
138.92
111.52
86.94
76.16
99.68
88.56
110.48
97.1
64.54
97.64
126.68
123.02
91.06
80.58
118.06
83.92
80.58
112.94
116.42
83.22
93.14
82.36
79.1
67.86
102.58
114.02
100.8
122.42
107.2
94.08
83.16
100.26
97.02
83.16
84.8
119.58
83.04
103.5
99.76
73.48
121.18
101.26
111.36
125.66
103.1
94.48
123.36
85.98
114.44
95.36
81.32
105.5
98.1
91.38
104.6
101.8
107.06
120.72
101.04
110.52
99.5
112.88
84.56
102.44
94.54
117.1
102.04
85.66
120.66
102.18
88.46
89.72
90.7
90.54
95.32
89.46
116.3
91.54
79.26
103.04
94.18
89.4
104.82
108.2
76.44
106.46
115.44
105.76
92.62
112.1
97.9
110.98
107.66
98.64
97.16
83.54
91.42
103.34
108.74
89.82
117.32
85.46
82.6
109.18
114.02
94.5
100.84
116.72
81.54
131.2
86.9
96.58
128.08
115.94
112.92
83.58
87.62
119.9
110.26
122.28
87.36
77.54
83.02
104.04
95.98
126.76
86.68
91.26
107.84
77.36
94.98
99.24
97.48
82.2
80.74
92.34
79.84
100.06
95.06
110.04
98.18
85.96
104.88
92.92
98.84
105.38
100.66
98.18
99.3
112.56
92.44
84.08
92.56
83.1
99.66
97.74
104.2
87.96
103.72
94.88
101.02
89.16
89.44
116.46
112
114.16
143.84
104.46
104.7
96
77.66
132.82
129.18
100.54
120.82
112.2
107.44
102.46
91.36
107.76
109.18
73.54
114.38
82.38
112.38
79.8
96.16
67.22
74.22
79.26
88.72
107.14
72.82
95.52
91.16
73.94
98.6
100.52
89.74
91.94
95.52
87.98
84.08
108.7
97.04
96.6
98.7
109.28
123.46
101.58
116.62
118.54
102.8
91.04
103.68
127.46
126.4
103.2
97.22
90.5
117.38
99.68
89.44
84.9
93.92
105.92
88.54
138.7
105.06
105.54
108.52
116.68
88.34
88.1
117.42
121.74
101.72
85.64
101.62
96.1
84.22
91.62
95.18
95.7
97.58
103.98
102.66
89.2
89.8
109.42
114.04
89.16
79.84
75.86
86.5
76.86
72.38
108.8
77.22
98.76
108.76
117.16
97.42
89.96
95.28
85.86
108.08
83.98
89.14
87.32
95.38
96.8
102.28
84.54
107.3
80.92
108.72
88.18
77.62
99.74
98.8
113.06
103.56
94.62
87.12
108.76
100.22
106.08
123.96
102.98
85.06
86.84
88.94
94.84
89.3
104.32
98.68
103
99.96
96.8
102.52
101.72
100.8
98.76
87.24
78.34
91.56
104.14
112.3
85.72
106.74
103.16
73.34
86.6
93.3
78.9
125.44
101.98
89.58
121.18
99.8
98.2
110.98
80.36
94.64
86.28
94.36
102.18
68.38
126.22
107.92
99.02
90.94
93.84
87.06
100.4
79.62
93.02
80.88
83.76
97.36
85.06
80.64
130.88
94.26
106.98
86.3
95.82
112.48
122.72
95.68
96.08
97.94
96.16
93.12
90.02
100.08
132.14
115.24
101.1
97.56
95.18
111.96
98.4
95.74
82.22
109.54
93.64
127.38
110.5
128.88
89.46
119.52
104.16
85.34
99.64
80.74
121.48
103.48
97.86
113.5
104.6
82.5
94.08
86
91.74
91.2
90.24
106.48
115.04
73.8
88.24
113
80.12
101.38
102.94
121.26
115.66
110.24
90.54
120.98
123.34
116.44
81.22
113.02
96.32
74.38
103.42
86.22
84.08
138.42
113.54
82.82
91.46
80.86
96.28
104.52
106.46
97.02
100.34
94.1
100.98
92.14
97.64
91.96
92.18
111.08
106.68
99.38
114.18
99.4
93.06
115.4
73.82
102.7
100.58
120.74
106.22
95.48
102.62
99.82
111.04
145.56
106.54
103.88
97.66
113.62
121.44
120.58
90.16
92.86
97.98
98.34
128.26
110.64
114.42
120.22
82.68
112.36
93.88
104.12
104.58
77.8
110.26
93.76
89.86
99.56
96.9
105.58
88.92
84.56
80.92
91.78
82.62
91.84
94.44
90.44
108.32
101.86
95.28
105.84
122.74
89.84
98.26
105.38
91.7
99.36
90.1
80.98
108.74
115.06
118.56
92.3
99.94
120.96
90.18
107.4
95.68
92.06
88.64
86.28
92.98
90.02
78.06
96.4
95.98
87.86
98.68
106.12
103.64
123.12
142.22
111.66
95.7
81.58
100.46
94.7
93.74
98.88
101.5
116.38
84.8
85.16
84.46
88.06
104.46
112.7
82.62
98.2
92.54
108.86
71.04
121.1
106.82
90.92
106.16
89.34
76.56
130.42
103.78
98.98
103.38
94.82
80.4
86.08
86.36
87.36
97.46
96.38
85.16
114.08
100.58
104.84
102.6
99.24
86.2
95.7
104.7
103.16
88.02
111.28
89.4
97.78
142
89.94
96.8
88.34
81.6
76.4
105.04
117.18
106.5
85.62
137.6
122.88
87.72
102.52
98.3
81.7
79.64
112.12
78.1
92.94
106.26
97.68
115.36
113.72
100.42
95.36
120.4
92.4
106.42
91.54
115.34
116.04
92.8
97.34
111.4
118.3
67.62
112.8
84.68
86.06
103.66
98.9
102.52
96.24
114.92
77.64
101.5
100.34
102.56
95.74
100.82
97.44
79.64
93.76
87.4
73.02
101.06
112.82
105.12
100.56
85.66
85.76
88.08
101.48
95.08
120.78
86.14
103.6
105.88
87.88
96.08
100.72
91.84
89.12
97.94
96.04
112.26
95.9
107.4
86.02
93.02
112.64
79.3
120.1
103.64
100.88
97.26
91.36
95.96
74.34
152.8
100.5
93.52
102.22
82.36
98.9
96.38
84.06
94.1
80.8
77.04
101.54
79.32
111.8
121.74
119.52
92.94
83.88
89.08
108.4
91.42
94.18
102.3
78.38
105.72
90.4
82.14
104.86
86.62
78.66
92.56
86.28
85.5
111.48
115.94
113.06
113.22
88.34
93.14
103.98
108.26
112.76
110.82
85.94
85.3
63.7
99.06
94.16
113.34
107.96
105.22
113.08
103.18
87.12
117.74
69.92
138.34
98.62
96.28
81.92
94.76
100.7
91.78
116.16
91.04
93.92
121.46
85.52
104.12
99.26
90.84
96.32
80.86
105.54
94.4
92.58
102.26
87.26
78.88
75.28
109.74
102.26
103.34
115.06
110.54
102.06
83.56
89.68
82.68
78.64
109.68
103.04
106.68
98.74
91.76
106.4
81.26
90.38
98.22
93.52
94.82
78.74
98.24
90.72
124.5
91.6
108.22
110.56
98.2
99.56
90.42
76.46
113.38
108.5
92.96
96.56
104.7
113.36
91.3
111.06
88.76
84.04
101.72
115.66
93.52
83.72
81.6
118.86
98.9
96.58
117.6
82.4
121.28
102.84
87.08
101.42
87.7
111.88
70.32
106.38
95.2
84.36
65.32
95.1
97.76
115.68
106.3
79.54
88.76
75.5
91.68
84.5
108.22
117.02
108.42
104
79.26
124.06
91.16
74.5
112.84
95.62
100.38
94.24
88.86
102.5
111.36
85.14
85.26
110.06
99.3
84.34
127.24
95.34
115.16
119.58
79.82
98.96
89.98
85.1
96.1
98.7
106.36
102.46
85.16
114.24
108.98
100.16
66.52
130.3
95.86
84.56
98.66
102.08
119.22
97.92
77.82
144.2
112.36
109.02
103.22
117.04
96.62
102.76
112.54
82.42
106.68
78.24
95.24
91.12
74.2
87.62
100.1
115.84
107.94
120.52
88.14
118.56
89.32
107.76
87.54
105.08
100.46
91.38
95.1
102.6
93.1
103.2
109.5
99.14
76.08
89.54
118.32
104.4
101.36
113.46
123.08
122.22
111.82
79.36
103.28
113.9
96.7
95.76
122.88
81.68
105.18
81.22
121.34
109.58
112
105.98
105
84.76
87.52
98.24
103.76
85.2
88.92
115.82
85.1
77.88
117.64
87.94
102.64
88.46
97.64
81.7
101.18
95.88
85.76
97.78
95.06
112.82
85.88
98.88
83.32
85.02
73.5
80.46
91.9
129.12
104.84
98.16
118.44
92.44
103.36
107.76
116.88
115.26
92.72
94.32
126.44
123.08
119.12
96.14
87.26
118.58
92.62
116.22
76.68
87.76
96.46
100.4
101
116.14
95.42
79.18
81.14
99.26
109.22
95.4
125.5
97.06
115.3
96.6
66.8
97.62
108.88
112.66
104.96
99.04
90.04
82.78
99.64
107.48
80.74
88.3
77.28
102.64
94.16
84.48
116.7
130.7
83.08
96.1
109.12
93.98
95.74
113.74
103.7
127.62
114.42
108.5
94.04
114.44
108.76
94.5
95.52
126.66
102.2
107.78
101.06
87.78
111.08
127.44
90
89.5
111.18
103.8
110.12
125.06
83.48
98.4
83.24
70.36
116.42
88.4
120.34
89.26
94.58
76.28
127.66
94.16
122.68
98.6
93.74
92.04
121.98
95.52
74.98
98
96.08
123.6
90.24
151.22
101.94
96.54
94.28
98.4
117.12
104.36
72.22
97.96
93
79.82
105.72
113.8
100.78
121.34
111.6
76.68
107.98
87.44
107.38
102.02
110.58
100.42
80.06
99.66
121.34
79.86
109.48
97.92
87.52
129.8
65.42
102.16
97.88
129.56
120.3
111
99.06
102.08
84.74
92.92
84.98
120.66
95.08
94.18
102.9
114.42
117
110.58
95.4
107.1
90.46
90.7
99.82
96.76
109.62
99.14
114.02
104.2
126.74
138.52
90.76
98
86.28
116.6
81.78
104.9
95.78
83.5
85.7
93.02
92.5
101.44
95.9
101.94
73.68
94.76
99.32
77.5
82
102.16
127.92
93.58
90.22
91.84
103.7
109.12
107.62
104
94.74
123.98
87.16
96.44
119.22
102.16
87.62
101.58
100.62
93.18
114.86
117.06
81.76
117.04
89.68
87.64
109.88
108.12
107.64
87.22
96.1
97.48
87.3
122.54
98.24
105.42
145.58
89.8
113.28
112.34
101.88
103.88
118.1
105.98
112.1
124.44
98.4
114.88
136.4
99.52
122.96
94.24
98.54
100.38
88.44
79.8
83.66
82.56
111.84
111.82
109.84
108.48
62.14
96.78
102.68
91.3
98.9
146.4
122.4
100.42
100.86
110.3
95.58
126.88
115.48
75.76
99.76
102.34
78.84
83.48
112.36
85.76
96.12
110.04
92.44
76.66
94.12
95.98
110.72
106.6
89.96
92.34
110.96
88.62
98.34
119.8
87.04
114.04
107.6
90.58
117.14
107.6
107.68
81.54
98.14
109.82
98.92
92.94
77.46
95.04
104.72
117.52
89.08
100.18
122.14
115.4
118.5
85.2
91.76
82.64
111.66
127.06
77.28
110.26
104.66
79.04
101.58
96.12
103.68
98.16
81.44
84.68
102.08
99.1
101.08
96.38
93
97.72
80
108.8
106.74
94.06
82.18
101.16
110.3
129.58
105.04
134.72
101.92
94.9
108.14
113.36
92.78
91.4
91.34
105.14
95.64
89.46
91.96
83.34
106.98
94.68
89.36
102.2
93.92
102.14
94.66
123.8
96.1
87.08
98.38
102.18
91.78
106.04
88.18
100.9
78.8
79.3
122.08
81.58
97.96
103.24
113.04
105.4
114.34
99.06
115
95.36
95.02
108.58
111.42
106.5
97.02
88.88
105.66
103.04
97.58
110.98
94.14
112.78
86.12
109.82
108.3
91.52
96.32
108.64
82.48
90.16
97.92
95.76
118.38
114.8
88.8
100.56
90.78
121.64
90.04
118.3
98.8
90.14
118.88
88.6
123.2
83.72
88.66
104.82
107.84
103.14
130.86
98.02
92.9
107.24
77.82
121.62
73.7
92.3
81.98
89.26
106.04
110.66
93.34
89.04
100.74
81
93.32
106.46
119.68
102
100.78
122.56
100.9
78.96
91.04
83.38
107.1
82.54
72.54
101.58
100.8
99.3
100.3
84.42
100.64
82.02
87.22
111.38
125.98
97.1
88.64
93.14
93.26
90.92
119.62
88.1
83.56
128.68
99.64
93.92
102.48
89.06
103.94
108.06
95.98
101.5
109.52
106.4
102.44
95.68
106.6
92.68
92.94
101.08
70.66
105.6
95.6
125.98
99.82
92.82
93.56
102.16
95.6
91.24
102.46
77.82
88.02
112.3
114.66
91.58
96.04
102.52
79.4
95.38
96.32
83.22
108.5
82.44
88.2
89.7
83.58
96.34
95.16
99.76
93.94
110.48
87.82
116.62
92.54
89.58
89.16
100.48
98.46
85.34
90.8
92.98
104.78
110.4
98.52
106.12
100.66
100.14
112.94
120.32
109.84
115.76
101.3
81.9
124.34
107.36
101.92
102.1
94.12
103.42
116.3
78.08
86.8
90.08
97.5
75.96
103.04
119.3
80.76
84.26
86.44
78.5
116.38
102.26
77.8
102.06
108.56
85.58
104.34
103.32
105.08
78.24
95.42
94.76
89.68
83.38
94.72
120.66
109.38
98.38
110.44
87.32
103.7
122.98
120.92
100.5
68.26
88.36
71.36
109.02
103.8
115.88
108.06
118.14
88.5
85.22
84.88
131.26
80.14
94.06
80.52
139.76
78.88
110.66
94.3
90.18
90.52
101.98
113.6
94.86
105.44
95.1
83.28
107.5
102.82
107.48
96.06
120.16
118.06
113.02
111.5
112.96
118.92
76.22
105.82
69.84
118.48
96.16
113.5
115.34
74.76
81.88
90.32
95.64
107.86
100.32
92.18
114.42
111.84
86.06
80.08
104.2
85.36
119.68
85.28
95.58
90.3
117.94
103.56
100.5
109.4
95.7
95.08
87.92
84.62
87.28
84.02
69.3
86.4
84.86
121.96
94.6
111.8
104.66
112.58
124.66
82.54
98.04
99.64
101.1
116.24
96.48
90.3
107.06
86.52
92.5
89.14
107.92
99.2
117.6
109.22
118.56
100.32
94.06
97.66
98.62
104.12
76.94
80.54
102.62
69.18
91.74
101.4
95.12
100.4
95.4
110.58
119.7
90.18
109.84
99.58
118.36
117.46
67.76
86.32
112.64
97.58
103.86
97.3
119.12
97.36
117.5
96.18
111.24
95.78
132.34
104.58
95.84
84.38
81.4
101.66
93.96
108.82
105.12
89.28
90.78
103.34
94.88
90.06
128.14
109.42
112.56
96.88
108.4
84.74
82.86
89.5
103.86
94.78
80.36
98.42
108.64
83.58
73.04
100.24
78.28
88.32
105.64
112.04
97.8
106.16
112.26
114.94
113.14
95.36
102.66
86.16
91.54
89.26
140.14
117.68
110.82
74.46
95
86.52
117.34
105.52
109.5
76.22
95.82
100.88
94.46
109.14
100.56
104.42
97.56
72.26
131.02
92.32
103.4
92.82
100.18
91.8
82.54
104.7
88.22
96.12
101.48
96.74
97.2
89.56
87.7
110.56
116.7
106.38
93.7
133.42
97.32
113.46
93.7
76.5
101.34
113.62
81.48
111.78
120.94
108.86
90.52
100.08
109.5
94.52
109.54
81.38
80.16
112.44
91.48
100.4
90.76
89.98
97.46
114.78
85.04
88.88
81.32
63.92
82.12
87.68
128.78
80.68
88.38
80.6
124.12
90.54
115.66
109.92
117.12
82.42
110.76
107.7
98.06
132.5
88.64
98.28
76.4
96.5
94.5
90.92
111.48
113.82
96.56
110.18
105.28
102.26
111.42
88.84
84.9
81
120.12
79.84
74.02
119.72
106.52
107.18
77.1
96.28
97.5
111.84
91.28
86.78
105.4
101.88
83.16
83.82
97.64
84.3
106.62
107.14
92.94
83.9
100.74
103
81.78
91.26
103.6
112.88
111.34
108.6
107.82
105.32
91.56
101.9
98.32
91.96
93.38
139.24
101.78
111.96
118.96
66.02
106.26
76.58
112.54
92.88
108.16
116.02
98.42
94.66
98.5
86.92
105.32
94.62
89.36
121.94
93.98
93.4
95.86
94.66
60.5
97.88
84.56
108.36
115.2
106
93.06
95.9
126.64
91.58
100.8
99.98
84.78
79.42
99.98
92.76
87.12
104.38
104.38
96
103.8
91.7
108.38
88.66
115.72
106.44
83.86
94.7
89.5
109.14
96.18
92.06
80.74
101.8
78.72
65
104.2
71.18
89.9
106.38
134.26
88.06
107.3
73.54
93.84
89.96
89.32
107.92
96.24
100.62
115.86
109.72
120.26
83.48
106.74
93.64
102.6
70.24
90.24
105.74
104.12
94.78
81.44
95.94
104.1
122.18
74.62
96.16
98.84
127.9
101.36
90.5
114.66
96.42
105.18
115.38
100.46
92.34
73.78
123.2
103.46
126.28
110.18
108.78
85.56
111.12
81
108.2
108.56
93.4
91.56
113.12
99.68
102.92
90.56
86.68
64.56
104.4
101.06
94.44
96.26
85.4
108.9
104.84
79.68
91.28
98.82
95.56
96.4
106.86
128.78
105.22
118.8
124.4
101.5
92.54
96.52
123.32
92.68
94.8
95.4
97.16
140.96
104.36
70.24
96.94
95.18
110.12
85.22
95.9
96.96
101
113.16
123.22
75.84
87.92
96.46
98.2
85.24
93.38
93.88
82.64
93.04
85
91.14
87.82
104.74
97.3
110.54
96.76
84.9
101.42
85.38
89.54
104.84
112.08
75.9
105.92
111.78
71.32
115.5
108.08
92.02
90.06
87.32
108
73.44
79.06
90.08
89.78
98.68
109.4
80.8
102.56
85
94.92
91.3
93.08
106.92
74.6
117.88
87.2
96.98
90.1
81.38
94.92
92.58
94.66
109.4
90.14
109.26
90.04
132.46
119.3
104.5
109.68
77.32
89.66
110.54
93.36
100.16
96.78
105.14
83.48
102.22
94.36
86.56
88.1
112.78
86.48
99.02
92.38
90.98
68.56
93.96
103.98
68.9
91.82
99.22
164.72
92.82
87.68
104.34
104.7
91.56
89.58
81.42
96.68
122.88
86.5
96.54
95.62
83.46
86.76
138.38
100.98
79.68
100.08
134.9
103.18
87.32
81.16
101.26
80.76
95.6
94.8
125.26
88.2
111.52
100.12
111.48
115.06
105.04
75.84
83.78
90.06
101.7
81.22
90.38
88.98
98.8
86.38
113.28
107.98
101.52
75.76
90.16
97.3
106.36
92.7
101.26
96.52
82.52
76.84
85.8
108.38
108.6
84.3
83.04
101.28
83.5
94.48
89.9
106.6
78.08
108.38
106.2
117.9
79.12
110.68
108.2
82.8
89.34
98.06
84.22
83.56
120.38
83.78
99.96
117.76
111.86
91.18
85.72
84.9
95.68
105.34
100.96
107.96
72.78
74.98
89.22
117.12
112.54
111.02
118.12
106.36
87.84
86.48
91.32
93.82
106.06
88.32
90.36
81.66
77.38
110.04
96.96
102.4
121.64
94.78
98.26
75.98
116.88
96.46
93.04
119.18
107.44
84.92
108.22
81.34
98.74
101.8
98.74
123.88
89.28
92.44
74.18
86.88
107.82
109.88
87.52
97.56
78.78
100.9
94.5
72.74
81.64
109.16
97.88
82.72
110.7
121.64
79.06
117
123.08
114.18
113.2
108.98
85.38
98.54
92.82
76.12
103.66
112.48
107.78
80.16
113.38
99.08
79.2
84.78
96.8
106.98
83.4
72.68
102
68.52
94.74
115.84
104.54
102.06
101.6
85.6
85.42
98.62
78.58
97.3
80.2
64.72
94.12
114.74
95.3
119.16
106.14
89.4
130.38
97
90.26
84.12
86.6
111.56
90.96
72.94
113.3
90.62
99.34
105.98
88.24
95.16
115.04
81.96
101.42
98.12
103.08
114.86
76.3
103.42
85.48
144
125.28
102.7
111.26
126.62
78.14
80.96
89.18
93.98
122.62
109.22
107.4
107.92
104.22
127.84
102.82
90.64
103.5
108.04
87.6
88.7
106.58
93.82
99.24
92.44
93.3
81.48
130.34
109.9
128.16
124.4
114.28
96.4
89.34
102.94
117.88
70.08
80
112.88
84.74
103.58
79.58
111.84
95.16
85.42
92.88
90.76
120.7
106.54
87.02
107.38
101.62
99.04
98.14
92.44
111.68
111.26
79.4
97.62
106.92
86.68
76.14
133.6
112.64
85.6
102.28
120.46
100.2
123.18
117.78
88.82
89.9
103.02
101.72
107.4
99.04
81.68
112.04
104.96
92.34
104.3
102.58
107.14
96.82
100.3
78.68
86.62
106.92
127.48
76.7
90.64
89.02
80.64
87.82
103.36
95.22
131.68
100.62
100.14
95.46
99.84
108.46
100.1
96.78
107.52
92.06
121.18
87.3
98.68
97.7
128.3
90.3
100.42
104.3
70.16
75
100.36
81.68
92.44
102.14
110.48
97.38
82.6
110.46
112.48
105.4
120.72
108.88
96.44
110.02
93.82
93.68
104.2
115.46
121.54
106
102.58
92.12
76.24
91.1
85.84
105.96
100.64
76.04
97.32
84.46
102.88
96.76
89.98
94.42
86.34
113.16
114.62
103.96
93.04
112.68
94.84
77.26
76.48
101.8
110.5
96.72
84.26
98.4
113.82
94.46
86.44
98.76
102.94
103.18
92.68
96.2
97.68
94
74.6
98.26
113.28
79.46
92.96
83.08
83.14
122.34
111.94
97.74
107.5
115.7
84.36
116.92
115.14
100.24
123.46
100.18
102.86
90.1
101.84
98.9
73.26
94.3
95.78
100.48
90.8
103.5
107.24
109.58
99.7
84.72
113.14
104.64
99.34
86.12
116.68
100.82
107.8
85.04
110.92
93.04
115
143.42
87.76
117.56
82.94
101.8
96.82
86.38
116.46
114.8
118.88
101.8
77.22
89.06
95.18
83.8
93.7
109.26
101.42
88.28
108.78
84.96
110.3
111.42
92.24
100.02
101.28
104.82
87.18
97.12
82.9
75.44
138
80.06
76.8
83.42
96.26
105.5
113.12
79.02
141.12
87.1
92.22
144.58
92.98
121.98
102.74
102.18
100.36
72.9
89.66
109.06
90.28
104.68
85.3
115.76
98.96
98.78
112.1
82.46
100.9
93.88
84.34
98.78
107.26
153.92
103.8
98.32
84.32
98.3
96.7
91.26
100.42
76.46
99.34
101.7
110.22
95.78
98.5
106.24
95.42
106.72
112.62
76.12
90.16
88.28
99.2
111.42
129.92
92.54
91.1
131.92
112.76
123.64
98.36
75.82
127.62
88.52
105.82
103.86
95.26
93.18
98.34
85.42
111.8
115.4
112.46
101.8
89.58
118.88
107.78
85.18
107.24
76.9
102.9
93.76
112.4
100.6
97.84
128.02
107.26
119.1
113.16
114.58
116.52
103.74
84.3
89.5
97.7
73.6
106.62
103.76
94.86
88.02
98.44
112.42
115.08
94.78
86.6
102.06
73.2
96.16
77.58
92.8
88.18
103.56
85.5
99.66
103.84
101.8
102
117.54
108.88
98.7
119.64
102.18
127.76
95.52
105.8
82.16
80.5
110.72
110.88
105.52
92.68
102.14
116.82
107.36
71.26
91.92
106.38
86.38
112.88
78.34
82.52
80.22
108.8
112.32
86.24
94.34
103.36
95.86
86.1
94.3
76.54
96.02
117.5
71.68
96.9
103.2
94.1
107.72
107.88
105.96
114.84
85.38
110.74
101.4
110.38
98.72
95.68
89.9
83.94
102.34
92.6
98.76
125.08
111.48
84.64
102.52
107.76
106.72
86.5
85.4
100.12
106.1
97.04
126.06
80.76
110.44
102.02
89.5
98.64
86.02
100.02
88.4
100.22
109.24
112.6
105.82
78.56
88.56
136.28
93.86
99.4
68.86
93.06
91.22
106.38
94.82
85.7
86.32
125.9
108.48
124.1
105.7
102.58
95.92
95.1
99.42
113
104.84
123.16
93.16
108.84
90.54
104.94
105.14
96
103.14
107.06
117.16
103.6
97.32
88.78
84.78
99.8
141.8
129.02
106.08
94.08
103.1
111.54
91.72
116
97.48
120.4
106.58
112.54
75.8
105.16
123.6
98.86
94.26
83.9
107.52
95.2
86.54
113.88
107.38
100.16
91.42
89.26
94.6
92.4
82.24
132.52
98.34
86.52
81.22
106.34
82.18
80.48
93.26
95.48
120.22
114.58
115.46
99.02
94.4
98.26
97.32
95.26
102.02
104.5
94.94
112.48
122.32
82.38
105.42
89.36
91.96
99.52
108.58
95.16
130.08
93.28
110.66
114
65.64
106.78
113.3
84.12
97.52
97.72
97.58
101.36
82
120.04
111.42
98.98
95.04
97.22
91.1
103.62
99.08
79.8
84.38
117
102.32
127.78
91.76
118.2
94.38
78.14
90.72
112.14
115.38
76.44
99.16
107.08
86.42
106.54
82.88
72.82
108.2
114.22
79.86
92.72
107.44
113.12
116.44
101.66
103.86
126.46
78.16
110.68
95.14
116.3
76.24
96.62
110.92
86.8
81.1
114.78
87.86
91.78
123.72
101.02
91.18
76.82
90.2
85.76
120.78
83.32
65.38
107.6
81.9
110.12
101.86
91.04
97.72
98.36
102.36
79.02
89.56
110.44
102.4
108.94
83.7
111.46
87.96
97.92
111.04
86.36
105.2
104.94
83.88
83.8
119.86
105.72
88.96
100.22
112.42
88.16
87.36
95
109.52
117.92
109.64
103.6
106.24
89.72
93.8
94.2
88.98
84.58
91.8
96.8
113.08
91.46
106.58
102.66
91.48
93.86
91.04
107.98
104.36
97.82
87.66
104.06
110.86
76.96
87.9
116.78
111.5
74.44
83.94
102.32
86.84
98.04
98.84
95.22
121.62
96.46
105.06
98.98
99.82
127.36
76.56
105.66
107.86
86.56
115.82
98.38
98.54
112.34
93.74
71.02
80
106.14
98.16
77.42
87.42
92.14
112.36
112.98
104.3
87.54
102.62
115.98
78.7
105.66
70.1
119.84
124.92
139.18
108.16
127.16
101.5
98.3
104.8
114.58
112.9
99.1
97.68
90.92
96.34
103.32
108.08
93.14
120.04
85.84
102.84
89.02
100.78
97.32
138
67.3
86.02
109.38
107.7
91.24
87.1
101.16
112.62
86.58
103.42
85.4
95.58
82.74
121.4
111.12
143.66
87.7
90.78
95.58
120.58
123.06
120.84
108.04
112.64
92.68
109.88
89.18
116.68
99.62
104.12
107.02
107.4
101.22
96.88
91.7
102.98
99.68
102.02
87.92
96.06
114.76
90.44
89.18
103
79.36
128.04
108.52
99.26
93.08
97.14
74.8
85.62
95.7
109.74
75.66
117.2
99.08
98.86
93.78
131.16
111.4
97.26
96.26
110.46
83.64
92.78
121.68
91.44
77.82
103.06
102.02
80.38
111.08
96.62
119.94
91.78
86.2
80.76
103.74
118.46
116.02
88.12
106.7
115.84
111.8
113.98
98.56
113.24
92
88.06
87.08
112
91.26
84.24
94.54
106.24
95.04
88.42
76.04
96.32
86.94
73.4
94.06
89.36
97
96.1
112.82
98.18
97.42
95.14
84.12
83.78
89.96
101.28
68.32
111.22
93.88
89.78
112.12
95.8
102.6
102.92
89.6
80.4
120.9
83.86
122.1
105.96
101.92
85
107.22
76.6
97.44
102.46
116.6
104.52
109.04
105.5
98.2
136.18
104.02
87.18
118.12
129.98
99.82
115.48
101.76
110.32
129.68
116.32
121.96
111.4
96.68
101.86
90.18
120.96
84.22
105.34
110.84
100.66
105.66
82.18
92.98
113.86
108.68
87.78
122.56
125.16
95.78
89.74
107
103.6
74.34
108.14
124.96
82.84
94.84
99.68
87.52
103.5
102.66
110.14
88.34
92.24
94.96
113.36
113.7
101.08
89.78
105.22
84.4
95.64
100.38
87.34
101.28
86.02
90.04
116.22
109.58
79.48
113.04
99.24
98.86
102.66
89.88
118.38
96.8
111.08
107.72
94.24
99.26
101.1
78.58
95.76
96.5
85.96
93.58
107.9
86.7
97.54
94.44
90.3
79.78
79.14
105.3
132.16
101.94
121.66
90.64
72.82
91.84
102.1
71.38
91.28
118.62
100.1
79.34
76.48
124.32
92.4
118.5
93.38
102.36
110.38
111.94
119.76
110.8
92.8
136.12
110.82
128.12
102.7
85.84
98.06
101.6
119.82
89.56
102.24
85.86
103.26
107.82
98.5
81.76
100.28
89.72
96.18
80.14
112.44
98.5
112.62
115.12
112.3
120.66
98.54
78.9
88.14
113.82
88.64
83
88.16
99.12
112.06
102.24
89.78
95.82
92.6
92.38
88.72
94.26
90.64
89.98
97.38
111.74
100.6
91.76
112.2
73.98
110.94
118.44
104.32
106.32
137.26
111.48
94.36
92.2
111.88
101.82
89.8
94.68
136.38
101.32
101.98
96.62
77.46
105.38
96.06
109.76
70.32
100.2
90.26
109.92
67.32
79.12
106.1
106.94
85.62
87.94
112.26
113.62
100.12
109.6
108.86
83.92
90.66
80.38
132.8
116.02
114.62
111.94
114.8
88.16
79.88
90.36
108.82
92.36
120.9
84.22
99.5
128.56
89.6
89.64
113.6
105.66
102.24
81.12
90.56
114.46
122.12
89.88
92.7
110.42
97.66
79.8
102.04
78.86
91.9
98.22
120.86
94.36
102.42
104.4
117.38
86.7
79.78
88.28
93.42
83.52
84.78
101.92
94.62
90.14
105.78
105.48
93.64
132.8
100.78
129.34
117.38
88.7
115.74
131.58
85.7
100.16
99.44
112.58
122.54
95.08
94.54
96.4
121.72
71.58
106.34
112.36
93.76
107.66
117.48
83.1
98.94
88.34
80.5
80.58
99.38
79.46
111.48
101.06
102.24
106.5
89.66
122.32
99.8
105.86
91.02
102.84
79.84
99.58
90
91.14
80.32
93.52
111.52
122.18
92.84
96.56
81.8
114.14
107.96
88.66
92.88
88
95.62
74.62
91.42
89.16
81.3
97.78
90
127.2
105.68
120.78
82.5
83.66
99.64
102.78
95.28
126.72
89.06
121.38
86.16
80.72
92.62
94.9
91.78
110.68
88.86
104.48
87.28
88.36
140.5
92.28
91.78
92.2
96.98
96.96
89.08
130.88
97.74
114.44
101.82
91.8
93.84
86.58
108.7
92.02
100.54
101.86
117.82
92.64
93.36
69.74
101.38
96.7
105.32
71.94
83.12
99.56
100.66
105.26
87.88
106.58
75.58
103.02
123.44
103.7
101.32
105.14
98.38
90.86
71.74
97.3
82.6
110.84
98.48
110.8
92.62
110.68
127.22
92.38
83.12
81.68
71.94
110.12
96.02
96.6
88.94
100.3
107.1
112.42
107.98
82.98
87.84
98.84
98.68
116.58
100.74
108.6
100.8
93.7
86.2
70.6
109.58
85.34
92.66
84.22
97.94
101.14
97.1
98.04
84.64
93.14
101.66
107.16
101.6
125.26
90.86
101.02
93.72
126.8
98.5
81.14
93.82
94
94.62
111.42
77.02
90.86
128.28
95.38
89.78
99.82
105.36
99.3
111.8
127.22
78.22
95.66
95.82
114.24
97.5
120.64
128.32
89.5
81.72
97.82
106.18
92.28
99.84
84.48
101.26
91.64
80.76
98.2
87.16
89.1
91.76
99.9
104.96
100.78
110.5
101.56
91.56
101.2
92.9
100.4
83.52
112.78
131.9
92.32
103.48
97
113.44
104.72
90.82
102.72
88.38
117.7
105.48
116.44
74.22
86.82
78.34
107.22
77.32
86.32
87.8
124.26
113.1
82.32
97.98
105.56
107.8
105.06
106.34
97.68
88.72
94.26
96.04
114.34
101.9
78.22
92.82
108.6
116.38
141.2
112.04
86.32
109.46
101.06
126.28
120.84
107.94
98.94
88.44
111.52
94.48
110.54
94.58
105.96
76.76
84
102.06
99.26
79.58
96.68
89.9
87.88
74.54
92.28
119.56
102.92
107.34
105.66
81.1
105.92
110.98
92.14
95.7
106.7
114.1
108
102
101.68
116.52
84.04
108.64
97.62
110.98
104.02
94.94
124.22
83.78
84.84
124.9
111.9
89.04
94.94
121
116.02
73.06
122.7
75.46
90.96
92.08
95.74
91.16
104.52
83.02
103.58
122.76
83.88
85.62
127.56
79.4
91.18
93.42
76.18
99.68
106.3
82.06
88.96
106.04
95.62
118.16
102.88
86.86
114.68
124.54
87.74
124.58
107.96
82.06
94.2
82.26
101.92
104.04
97.58
86.26
90.72
75.18
99.7
93.28
119.48
106.52
96.54
117.16
90.52
96.3
80.82
83.84
102.7
99.58
64.32
95.92
82
84.98
105.88
115.78
80.06
96.82
115.44
90.9
92.24
88.34
81.14
94.28
93.64
96.46
94.5
99.18
104
108.58
117.36
78.34
89.76
71.28
88.12
98.72
121
87.02
89.66
103.6
117.84
90.3
101.58
91.58
102.92
102.64
124.58
88.24
81.72
106.88
105.62
123.72
88.26
96.3
79.9
112.02
112.48
149.24
89.58
88.16
111.96
88.66
119.4
113.56
94.18
104.54
102.12
89.62
110.02
93.7
90.7
139.02
96.78
94.5
102.62
111.64
122.02
123.22
96.4
91.84
105.54
102.88
94.44
99.4
97.6
94.08
119.74
81.44
87.06
68.98
109.3
93.06
89.68
111.4
117.78
70.02
105.08
99.38
87.8
92.32
76.46
104.74
106.38
84.22
99.08
95.04
100.64
93.24
105.48
110.22
113.88
95.46
85.28
85.52
118.88
79.58
97.82
89.72
92
102.08
99.9
96.9
90.24
90.52
78.34
84.9
103.5
108.42
92.44
93.38
78.92
100.92
75.96
84.74
82.32
77.72
88.96
100.72
83.7
114.54
79.58
104.26
117.72
92
87.72
75.48
102.54
106.72
107.16
89.86
113.86
118.66
98.44
94.24
103.68
99.5
139.18
108.5
102.36
99.32
103.7
121.9
103.08
115.84
99.88
81.46
96.96
91.7
97.9
92.84
112.32
104.48
118.2
120.92
94.56
105.66
108.52
73.6
91.9
105.46
108
111.3
107.26
116.16
96.6
106.42
106.94
95.8
103.48
115.68
99.54
88.54
110.26
75.94
112.32
99.2
90.6
111.84
81.68
105.42
123.3
100.26
98.76
71.74
129.22
113.18
78.08
130.6
85.06
97.98
84.92
84.26
99.62
105.26
78.38
105.48
85.52
81.58
106.16
132.24
94.5
85.7
81.76
117.86
97.08
95.3
116.98
94.52
105.44
103.56
91.26
85.52
98.96
125.44
126.64
102.58
108.78
124.7
90.12
114.54
101.16
126.48
101.04
115.82
105.24
86.26
92.82
84.92
100.52
89.12
95.52
142.84
105.76
74.44
116.74
87.58
102.1
109.36
99.2
95.68
74.12
97.08
78.64
95.56
80.68
95.74
106.88
127.18
110.8
93.3
90.58
106.14
88.82
91.8
134.96
78.16
99.7
113.64
81.82
97.2
95.86
82.52
80.38
95.56
98.22
55.96
98.88
92.94
98.12
92.56
112.12
124.28
104.32
94.92
127.56
98.5
92.48
82.4
114.76
110.56
84.46
105
91.88
96.02
103.74
105.36
80.62
84.3
114.44
74.8
102.44
131.24
89.9
84.9
88.36
97.38
83.84
96
105.46
95.28
109.3
91.58
97.42
109.8
111.68
94.1
78.46
119.34
109.26
112.74
79.38
114.04
103.24
124.66
100.66
118.72
91.86
125.12
113.86
92.74
108.64
88.26
92.96
91
76.48
116.9
99.14
116.92
78.62
94.54
104.86
95.48
85.82
104.94
78.92
121.58
95.26
86.12
103.7
84.58
102.36
116.54
109.24
83.08
98.44
78.36
93.7
79.44
84.38
85.56
127.16
114.22
127.26
87.3
101.6
75.4
106.16
110.78
99.68
133.92
119.76
101.58
89.08
104.16
122.04
91.02
87.86
114.76
101.3
91.48
84.22
108.86
93.48
94.44
83.78
105.52
105.12
109.88
109.94
111.24
95.46
134.22
92.48
92.06
86.7
90.74
86.98
100.78
104.32
96.28
86.46
78.04
111.76
78.48
101.38
109.78
109.16
101.76
105.94
93.96
99.1
101.28
88.34
105.26
79.1
84.86
103.22
85.02
120.04
102.42
108.52
92.98
77.22
113.34
117.56
84.46
92.46
92.6
88.94
122.74
76.86
117.92
82.24
85.18
99.28
118.32
118.78
96.9
98.24
91
83.52
93.08
91.02
118.04
107.44
99.6
87.82
93.08
103.26
100.38
124.08
102.44
79.08
96.62
79.22
127.14
90.54
107.32
97.52
111.82
101.66
83.76
105.16
82.12
104.34
58.4
106.52
83.16
76.16
130.04
82.5
108.3
92.56
107.32
97.42
104.22
77.72
82.16
91.68
88
109.26
96.94
99.84
102.02
70.96
88.58
75.94
92.78
115.76
94.26
115.48
77.74
89.08
110.2
104.24
144.7
98.14
99.08
85.4
96.72
127.38
102.64
128.7
107.52
104.44
89.32
100.5
101.82
95.02
90.98
95.44
85.48
112.18
92.3
105.34
89.64
100.82
81.04
89.24
87.58
90.22
107.56
87.2
108.18
102.94
100.38
92.22
90.16
77.72
100.72
83.98
104.76
106.02
104.66
64.74
85.12
123.52
107.42
77.98
88.44
103.88
98.24
98.74
116.12
125.28
108.02
82.54
90.54
83.14
108.9
61.34
118.6
102.78
104.9
106.42
88.32
110.8
94.24
96.66
129.44
114.04
82.88
118.28
112.1
118.34
90.44
99.82
120.46
79.68
102.84
91.32
115.1
92.3
97.96
96.1
114.22
104.3
73.58
104.52
99.02
88.62
119.48
96.04
120.02
103.88
95.04
108.78
113.12
123.02
104.88
97.44
134.38
84.86
74.12
115.74
90.26
112.48
74.62
89.36
84.88
120.2
95.24
85.54
85.46
121.26
101.22
89.74
101.16
98.08
90.32
94.82
126.26
88.16
89.02
99.98
107.78
78.06
90.9
129.72
85.14
67.78
99
104.44
99.4
78.22
126.18
102.76
85.78
89.78
118.18
114.66
90.52
87.88
116.9
91.74
105.4
136.34
81.86
98.06
82.26
108.5
109.08
93.84
84.52
105.7
103.32
111.66
97.5
87.5
113.92
90.24
99.78
79.72
88.9
88.6
102.94
78.82
77.12
79.82
82.2
83.06
91.18
95.98
99.68
101.64
95.24
126.48
123.84
121.98
108.36
94.74
132.26
101.28
96.74
86.68
91.48
123.48
78.86
79.88
89.8
115.68
103.46
83
103.78
101.34
103.48
138.06
93.9
99.34
95.34
78.28
105.04
122.34
122.72
95.36
116.58
102.04
97.06
118.06
107.44
77.18
127.14
105.6
102.62
76.48
102.82
79.58
106.68
90.4
79.02
86.12
92.06
84.04
74.74
94.86
105.06
99.04
105.56
101.96
88.56
97.24
124
84.86
90.88
81.3
82.42
99.28
113.86
85.06
125.34
114.2
96.18
120.14
115.56
115.56
81.82
104.18
107.08
115.42
101.9
105.08
92.74
93.08
69.88
98
116.68
111.64
76.2
102.74
102.96
91.92
103.82
69.82
117.44
81.92
85.64
114.98
105.38
83.82
94.3
105.86
97.12
109.36
144.9
105.02
89.46
106.38
104.88
101.58
92.76
106.04
91.12
119
96.56
95.9
84.4
114.02
110.5
100.6
103.16
85.18
107.04
96.2
108.52
98.2
87.72
104.56
101.12
102.96
72.92
101.26
94.94
101.9
109.28
75.46
89.74
98.04
135.06
80.08
117.24
91.08
70.48
98.42
102.94
100.42
92.68
109.8
90.2
102.98
106.72
118.76
93.52
106.62
105.26
84.9
96.92
72.6
97.6
80.66
106
103.32
99.14
93.54
107.34
83.82
109.88
106.32
107.62
129.96
109.12
101.7
109.12
84.06
85.82
75.58
74.64
69.94
69.44
101.04
99.4
85.9
116.66
105.74
92.42
105.64
77.62
100.02
68.86
100.2
101.12
98.96
118.9
93
107.76
81.24
91.04
108.9
100.68
95.78
102.26
107.04
89.56
95.12
103.7
91.68
139.54
96.16
100.94
104.94
93.5
115.8
114.94
96.26
81.94
108.64
102.66
100.84
108.98
107.82
113.12
124.5
110.58
127.16
86.38
105.64
94.66
94.32
101.82
110.08
79.56
105.12
85.76
89.66
106.06
91.58
80.38
128.2
96.6
84.84
129.3
94.66
99.26
96.54
119.94
104.2
99.02
87.86
94
111.36
97.62
96.86
75.66
117.12
114.1
101.32
90.74
98.8
136.4
97.72
77.3
97.14
98.36
87.1
70.9
124.4
95.56
77.48
79.78
68.72
98.76
103.46
77.64
90.88
93.22
90.58
117.1
120.68
105.2
137.06
85.72
128.6
108.02
98.58
136.5
100.58
106.18
91.92
124.56
116.94
79.82
114.54
119.58
96.34
126.4
85.02
107.42
107.52
109.84
112.24
125.76
105.18
106.24
96.22
89.58
96.24
91.64
82.64
96.86
133.6
128.9
101.82
87.66
98.72
84.42
84.82
83.5
85.14
121.08
95.02
88.4
119.92
69.64
85.26
99.44
115.5
95.74
108.14
103.34
97.74
87.36
126.08
111.84
97.74
106.42
111.38
110.5
114.52
95.46
101.1
81.98
101.5
116.12
97.3
90.96
102.04
103.48
97.72
96.8
111.68
101.84
97.32
97.62
103.32
85.28
87.68
98.3
117.18
71.38
114.3
96.32
86.88
91.4
86.36
96.9
93.7
102.94
82.64
109.86
134.76
105
85.88
102.9
94.62
83.6
89.9
95.44
80.56
85.76
93.98
76.64
84.72
104.76
104.02
84.34
90.12
124.72
113.84
106.28
79.72
89.9
116.82
88.08
87.52
86
107.9
103.64
104.58
120.9
119.96
89.92
115.88
100.06
85.54
91.9
81.54
113.14
122.34
116.88
101.92
86.04
73.14
81.2
98.8
103.76
117.08
86.2
112.04
85.86
102.14
62.38
90.78
84.8
95.34
79.28
94.06
94.54
109.96
95.52
119.58
119.14
121.46
90.78
122.62
94.74
98.32
81.56
119.46
112.34
95.12
95
99.52
119.6
108.84
108.78
97.42
89.2
110.88
89.56
95.36
123.28
99.24
97.12
98.74
111.22
82.32
108.22
94.22
98.22
103.74
126.78
104.22
126.88
94.66
105.52
124
105.38
85
105.12
114.4
125.82
108.6
106.4
94.02
105.1
93.58
93.36
108.68
106.7
69.56
99.86
107.12
95.72
117.18
81.1
108.32
110.4
110.82
92.12
76.08
101.44
128.1
129.88
105.3
123.78
109.18
96.76
87.16
103.32
92.86
79.6
96.12
96.02
112.96
95.16
83.4
112.34
97.04
139.34
89.18
116.04
119.16
141.48
83.36
110.24
73.78
111.66
85.24
132.88
98.36
107.06
116.48
84.06
87.04
110.66
146.36
91.84
108.38
110.22
103.16
95.34
92.64
92.98
85.24
77.84
94.62
111.16
88.02
113
83.8
111.28
97.34
119.3
110.46
87.62
106.16
73.2
102.46
97.62
89.68
112.54
77.34
107.66
119.06
106.9
89.4
107.5
92.94
90.74
102.94
84.26
79.94
127.4
103.08
96.8
112.62
121.28
101.56
98.06
107.98
107.42
118.22
87.38
100.22
96.88
90.64
104.5
101.7
89.8
129.9
94.94
107.92
113.24
97.64
100.46
101.34
72.66
101.44
88
67.64
109.56
88.22
84.6
97.5
107.34
93.06
97.14
99.36
98.88
76.52
75.06
98.46
105.88
84.68
86.32
93.08
118.28
116.28
113.24
103.62
87.14
115.82
104.64
104.8
91.74
93.62
117.62
91.78
92.22
113.46
119.54
91.4
119.9
94.08
92.38
82.5
80.2
108.46
110.94
114.76
101.42
113.52
130.4
101.02
141.58
88.1
81
112.9
90.64
89.1
110.4
94.62
102.86
102.46
71.96
100.42
93.66
98.92
82.64
103.34
90.66
115.2
110.22
118.74
107.64
117.8
85.3
109.32
80.9
121.78
130.48
81.12
86
98.94
90.14
103.1
89.88
101.82
91.52
98.86
71.68
95.16
104.56
119.64
90.76
74.38
107.96
126.62
104.76
112.02
89.52
105.04
105.5
99.46
82.58
98.32
103.32
67.84
67.48
64.72
96.38
94.5
132.54
97.04
98.7
91.3
69.94
88.88
111.22
106.96
94.36
87.54
131.24
79.28
78.08
103.64
97.76
83.5
92.36
81
103.64
126.88
102.9
105.2
70.96
84.24
88.12
108.82
102.08
84.32
101.28
118.04
124.94
99.02
97.06
75.82
106.16
99.38
104.84
94.84
85.36
106.98
90.92
99.42
124.68
105.68
97.66
80.54
69
90.06
108.18
96.94
81.8
85.7
94.68
98.94
77.92
68.12
99.94
103.72
100.14
147.64
72.84
87.9
110.18
99.48
109.94
110.36
132.9
87.14
74.44
117.34
123.3
58.62
122.6
101.16
99.54
93.84
107.76
77.56
107.58
83.2
95.18
108.16
113.6
105.26
94.92
91.68
82.8
116.88
86.66
86.36
137.38
92.88
108.32
115.34
99.1
105.98
97.76
109.84
94.84
85.08
95.04
98.32
106.92
92.86
76.54
106.96
92.46
113.3
116.78
67.52
85.62
88.36
105.12
96.32
95.62
85.02
118.22
109.22
72.42
94.1
102.42
83.78
108.02
101.9
94.26
125.12
95.96
118.08
98.66
85
112.38
104.96
100.7
111.02
99.42
92.4
86.2
86.06
107.14
130.58
101.32
146.14
84.76
76.46
88.46
102.2
94.9
116.58
90.4
95.36
92.86
108.1
97.52
103.72
74
101.32
80.02
103.46
97.1
92.16
80.98
94.2
112.64
108.24
89.2
116.2
112.34
115.08
83
90.52
102.16
101.48
129.86
101.16
80.42
82.1
77.36
107.64
98.96
112.38
122.66
135.52
94.12
98.18
107.52
89.84
110.68
86.32
122.12
107.76
86.02
107.88
93.44
91.06
81.56
111.12
90.64
82.5
125.44
88.44
101.38
74.5
98.76
114.2
101.94
116.48
99.02
111.1
93.72
74.92
100.28
88.44
84.08
104.42
106.98
92.68
88.76
96.78
73.62
88.42
94.28
105
98.26
111.44
91.94
98.78
103.7
98.38
80.78
90.5
111.74
92.5
85.56
128.06
123.44
116
69.5
124.66
97.12
97.58
95.92
103.24
107.32
68.62
77.34
121.88
105.54
81.7
108.02
95.58
83.86
98.86
65.1
107.22
112.7
94.14
91.52
104.9
91.48
80.02
94.36
101.5
91.62
108.84
98.52
103.62
104.1
103.48
82
96.88
74.74
93.08
92.96
98.38
96.66
85.98
123.68
123.86
115.06
102.18
92.56
115.32
84.26
98.1
111.92
106.46
107.58
129.18
96.7
108.28
160.74
122.06
94.28
95.2
84.9
102.36
109.72
120.26
84.46
87.14
92.5
136.32
113.36
96.86
103.16
104.96
72.42
81.26
104.84
121.42
90.34
82.52
111.18
134.28
103.9
106.54
92.84
122.2
108.46
117.42
106.42
92.76
89.48
74.22
99.48
87.02
85.88
113.28
104.26
110.82
110.66
81.64
103.72
123.48
95.34
90.94
90.1
126.9
95.06
103.72
92.92
105.58
97.88
111.64
85.4
112.1
116.22
84.7
113.54
88.7
98.18
74.92
80.32
115.42
109.24
101.52
99.92
109.76
99.18
91.74
111.92
87.7
97.96
109.76
120.36
101.8
101.64
112.64
106.92
99.34
98.56
93.3
98.58
87.08
92.16
100.92
102.12
104.74
114.44
106.52
109.44
62.5
107.84
98.08
100.28
92.42
74.28
84.76
80.6
115.56
117.82
94.68
113.18
95.34
95.58
108.88
109.02
114.5
102.98
127.26
76.06
78.96
94.02
91
76.34
99.8
79.78
116.64
94.16
90.64
101.34
142.76
78.92
85.22
105.7
108.78
72.04
88.96
85.3
106.1
110.54
95.02
96.98
104.16
97.74
97.32
116.9
104.66
114.92
87.64
65.58
93.5
103.92
104.12
116.94
93.08
95.14
104.42
123.8
105.62
114.78
119.96
69.3
101.96
94.4
90.54
109.26
97.92
94.88
120.86
103.6
95.74
99.28
107.7
97.12
99.4
105.38
139.14
115.8
92.52
106.4
100.16
92.78
125.46
134.8
101.94
124.1
85.5
62.52
115.9
79.62
81.52
120.66
67.04
95.56
91.4
76.58
87.42
81.08
110.66
94.52
129.24
87.22
88.84
94.68
81.68
112.94
110.06
97.74
121.96
107.46
97.7
118.2
83.68
108.42
104.2
90.46
114.96
101.08
90.32
105.42
100.18
86.14
108.16
117.6
92.94
99.8
86.02
117.2
88.16
100.7
110.82
100.14
98.08
82.72
100.32
105.14
86.96
105.44
96.84
108.44
112.6
111.66
84.6
117.58
102.2
79.74
96.94
110.7
118.56
100.54
128.22
90.68
62.34
69.94
114.76
82.84
125.44
102.52
87.78
130.52
86.22
94.4
108.3
77.88
87.06
95.3
71.18
99.02
116.74
120.9
93.82
141.96
76.02
111.68
97.62
86.24
118.56
120.18
92.6
99.82
90.54
98.92
103.6
101.76
102.02
93.72
117.28
90.54
105.86
99.06
103.3
112.38
82.66
90.98
93.94
87.76
109.84
110.28
92.6
101.06
99.68
88.44
104
97.3
87.94
115.2
86.14
103.16
92.96
78.58
129.58
69.9
99.44
99
79.22
83.46
80.8
100.76
94.62
81.2
109.56
105.76
128.98
102.58
87.74
87.66
115.5
105.82
84.36
99.84
100.78
78.22
132.18
117.08
93.74
94.32
89.48
97.8
85.68
121.08
91.86
109.56
95.8
111.68
95.98
99.08
114.72
90.78
84.64
79.28
100.66
75.18
106.4
79.12
111.24
102.78
85.44
91.14
96.86
103.66
72.62
101.22
100.2
102.78
99.04
75.78
100.48
92.42
110.08
92.3
87.06
92.96
87.66
86.86
102.36
80.14
91.18
133.58
69.42
103
113.2
86.48
87.94
87.66
116.24
93.24
92.48
115.48
87.68
104.58
102.88
103.58
102.18
122.28
93.14
102.74
90.34
94.14
91.88
94.56
87.68
82.98
103.9
96.44
104
100.2
99.64
118.16
104.94
99.7
81.52
108.36
93.1
109.16
104.32
86.5
82.88
111.78
108.32
100.98
81.26
92.3
109.22
98.86
95.56
131.06
101.54
109.74
108.42
104.92
88.74
115.9
94.46
121.1
123.42
74.82
108.98
97
101.32
102.36
76.52
89.82
93.44
108
105.38
113.84
97.6
94.72
123.24
118.7
104.16
117.86
110.64
111.74
94.88
88.5
92.16
90.02
86.96
112.64
95.54
91.86
113.22
85.66
114.62
128.14
108.36
71.18
92.9
115.5
83.26
93.74
76.04
93.22
104.04
91.32
91.4
91.74
97.96
95.56
115.16
68.52
114.58
81.84
82.06
87.86
105.04
104.4
82.62
132.46
116.48
105.16
77.1
100.54
88.7
97.32
108.62
97.12
102
77
99.26
99.34
115
81.88
74.88
103.06
107.54
136.1
82.94
108.24
75.22
114.64
97.94
89.86
98.2
109.02
90.46
100.86
100.6
109.04
97.54
84.52
79.78
111.98
115.24
74.62
119.02
82.78
111.6
86.86
115.62
82.52
107.82
114.46
120.44
123.84
111.88
113.42
113.46
94.12
90.24
97.92
75.84
99.1
102.34
81.1
61.48
99.42
91.98
109.28
105.56
105.2
82.06
82.6
84.78
98.7
83.92
81.62
94.52
76.7
106.6
94.04
100.84
124.24
91.18
114.74
83.2
124.38
100.38
95.34
82.78
84.08
111.04
86.18
76.18
111.04
96.92
98.08
107
92.46
70.92
116.74
125.98
95.52
69.42
112.7
90.1
115.86
102.14
105.58
100.32
97.26
94.54
88.04
86.84
91.12
108.32
101.3
101.66
75.74
74.32
100.24
118.34
80.18
88.6
117.36
105.66
95.12
99.18
91.34
93.02
92.64
90.3
106.58
111.42
87.16
129.66
108.08
121.32
85.72
92.82
85.6
99.48
114
95.52
100
98.38
90.26
93.84
82.64
96.26
92.78
102.88
101.64
125.4
98.86
93.66
106.38
102.44
100.64
89.1
104.42
109.98
104.1
80.82
89.72
106.5
103.44
110.08
99.64
115.66
91.68
75.8
85.74
103.72
124.96
106.98
88.62
102.98
86.24
99.96
89.3
103.56
102.54
97.94
120.1
85.3
92.12
110.08
99.96
87.9
107.48
111.4
107.94
108.58
84.7
107.18
93.74
129.56
101.38
113.28
83.14
122.62
135.36
77.6
74.58
102.36
93.66
98.62
67.6
113.42
101.34
84.18
80.56
99.14
100.2
97.26
84.22
90.24
134.58
136.58
80.18
111.68
91.66
110.6
103.6
96.52
107.12
137.68
84.34
95.3
87.02
89.52
93.8
99.7
75.38
89.46
92.14
97.64
72.94
94.18
105.78
84.58
84.92
137.32
107.46
76.6
130.7
82.84
104.24
95.34
75.94
96.7
78.8
112.62
113.08
112.28
91.94
98.68
76.66
101.24
85.6
90.52
103.38
107.56
96.1
66.88
82.76
94.86
95.72
107.64
67.66
119.32
111.8
104.66
88.44
102.36
106.58
102
103.64
84.78
95.1
95.12
89.38
117.36
91.76
80.12
89.38
95.5
91.72
89.98
100.68
99.32
84.34
85.34
94.52
110.62
110.42
142.76
98.54
88.78
99.48
90.5
93.98
75.76
96.96
91.52
107.28
72.2
103.88
119.82
86.66
116.12
101.24
110.14
133.1
77.44
109
88.56
110.92
80.34
112.18
108.64
88.16
95.2
94
100.66
94.74
113.5
88.44
96.18
79.48
103.5
117
80.42
73.34
90.04
115.52
75.62
80.08
87.98
80.8
125.68
93.82
68.32
76.44
104.46
105.44
105.18
86.94
94.6
82.58
90.88
91.26
105.2
91.32
101.72
103.86
87.78
104.3
96.98
116.9
69.56
91.36
95.04
105.74
110.12
83.98
97.16
85.56
95.64
101.76
117.76
124.2
98.72
104.14
137.02
97.28
85.58
142.22
97.8
94.66
103.2
107.44
100.68
98.54
107.1
123.6
76.4
105.72
93.68
104.16
106.52
112.62
105.16
89.1
106.56
89.14
94.8
108.64
98.82
103.42
106.42
78.48
91.6
93.72
82.26
68.62
102.3
103.16
94.58
87.14
73
94.18
119.8
85.06
97.88
87.06
89.4
99.44
86.14
91.32
98.82
89.4
109.96
84.28
115.5
93.7
104.66
97.64
113.28
108.5
108.1
86.12
88.26
109.5
117.12
106.3
118.06
101.5
113.24
95.34
72.4
111.86
96.18
89.86
109.4
119.62
92.5
111.9
89.78
115.26
101.38
74.84
91.34
105.86
86.36
126.28
94.26
122.2
118.44
94.58
73.28
87.94
111.56
111.5
70.54
106.5
115.44
112.82
95.88
107.44
80.14
74.86
110.9
89.1
85.82
105.12
126.94
92.54
86.96
98.16
93.04
89.22
96.68
86.16
101.24
133.22
89.22
107.18
92.1
118.44
93.68
90
95.88
86.94
97.92
129.28
104.36
82.54
114.34
89.2
109.6
85.52
93.64
90.14
88.64
94.62
95.66
99.14
82.28
106.52
97.94
116.34
94.34
104.42
109.96
116.5
111.38
93.6
89.38
84.96
92.26
85.62
120.18
128.54
99.06
107.64
119.5
89.58
131.08
129.7
99.34
122.78
120.62
106.52
106.46
106.14
110.3
102.9
97.92
90.5
69.38
112.2
108.8
102.64
101.28
105.76
99
88.52
107.96
98.6
84.72
78.54
123.56
95.8
99.82
86.94
80.12
85.94
110.42
89.64
96.08
91.3
65.9
117.56
118.1
117.82
107.72
85.8
113.24
87.48
105.7
80.68
95.18
102.2
102.82
104.54
107.04
102.92
98.84
89.36
98.82
74.82
83.94
97.08
101.82
105.68
87.5
86.12
103.94
91.32
121.76
101.58
93.5
91
96.34
101.26
93.28
87.96
114.66
64.22
107.88
88.94
112.88
121.14
88.48
97.54
103.5
102.5
128.38
64.64
84.28
117.48
120.24
86.9
103.54
91.54
118.62
128.2
101.56
111.08
92.88
92.96
104.2
85.02
123.44
110.98
126.56
124.18
95.52
69.64
137.94
107.08
93.2
86.5
109.52
68.34
74.46
79.78
92.28
109.62
70.48
76.28
84.26
74.16
122.54
106.84
104.16
102.3
90.36
121.98
97.06
116.54
115.26
94.88
112
89.46
135.16
94.26
92.06
115
90.18
111.32
89.62
82.7
87.9
101.58
104.68
88.24
119.9
89.94
110.48
83.68
103.72
76.9
122.32
100.46
97.54
79.94
88.64
103.5
105.16
126.36
93.3
101.4
111.32
109.32
102.48
85.18
98.04
103.22
79.28
98.58
55.44
106.98
85.28
70.14
92.98
75.5
103.84
117.08
115.14
101.4
90.7
101.66
77.74
102.18
107.36
104.78
108.28
89.4
94.66
112
111.72
85.66
89.62
95.42
92.76
100.56
76.86
92.24
99.96
104.56
90.38
75.78
110.12
82.46
116.78
104.24
87.96
94.44
95.54
88.56
121.44
84.82
66.7
93.6
100
116.32
89.04
96.24
102.86
91
96.1
90.5
124.14
94.42
123.9
128.14
92.04
97.88
105.62
100.48
91.36
107.16
92.34
95.62
91.44
90.34
90.7
116.3
82.16
113.68
124.7
85.6
111.2
89.22
99.22
117.38
98.92
76.94
85.6
104.78
91.74
75.56
94.5
113.16
86.48
113.68
105.92
117.64
107.02
77.76
101.82
80.12
132.28
72.8
104.9
82.86
90.66
72.46
98.32
97.4
98.96
93.18
115.86
128.48
95.6
117.82
88.34
118.3
83.06
98.34
103.2
103.78
85.38
96.34
105.04
88.08
107.68
103.4
86.66
92.64
81.04
89.56
101.12
91.18
83.74
102.08
90.46
84.76
97.94
97.98
113.9
112.72
93
69.68
115.16
94.48
108.98
114.48
84.24
81.36
91.48
103
91.44
111.3
90.64
105.96
87.56
94.3
86.46
117.4
109.26
86.6
98
88
110.9
114.9
109.66
86.78
92.92
98.62
115.38
106.58
98.3
91.68
88.34
83.68
101.88
117.5
83.74
99.88
104.4
114.08
93.7
115.82
97.24
90.6
82.22
96.12
90.48
87.22
110.28
91.6
101.18
105.44
95.62
100.6
69.44
111.18
109.92
86.38
86.78
78.04
122.92
85.6
90.26
103.02
89.68
102.5
93.96
101.26
98.4
121.24
105.74
86.42
97.02
111.6
127.96
87.24
78.66
96.82
105.96
115.68
128.98
81.14
68.26
118.42
116.56
87.86
77.72
77.22
103.78
107.12
94.4
91.12
115.62
114.66
117.12
80.12
88.26
87.32
121.58
104.74
95.48
96.28
82.42
98.58
120.14
122.14
100.4
107.42
111.68
84.18
106.82
73.38
100.6
117.78
88.64
86.06
93.76
89.1
98.92
115.88
88.84
96.38
97.9
114.34
100.56
80.38
98.92
83.98
107.42
119.9
90.7
113.56
97.26
125.7
112.02
101.68
107.96
115.92
78.16
75.92
88.12
99.16
124.28
89.12
88.54
96.82
122.5
92.18
87.3
103.04
123.66
102.36
107.84
84.82
112.26
105.62
84.94
94.44
89.12
98.5
112.4
89.38
105.82
95.54
95.52
128.36
139.86
87.04
107.72
121.12
93.74
85.86
109.34
93.12
146.24
116.12
85.92
117.64
122
103.16
94.1
99.92
109.88
88.38
121.18
112.22
105.64
123.38
105.44
104.24
83.64
101.14
99.08
110.74
95.54
116.32
113.36
100.82
78.8
80.24
108.82
102.6
122.66
87.02
93.98
99.26
111.2
111.56
100.1
98.64
96.96
93.52
93.66
78.44
86.58
133.14
85.38
81.6
94.94
118.16
85.26
88.04
94.46
122.62
108.1
77
86.86
90.5
108.1
80.82
119.06
78.36
116.74
113.68
115.46
106.48
88.42
97.54
123.3
99.3
100.22
87
69.2
75.4
88.08
87.68
105.3
80.7
98.66
108.56
112.42
114.66
95.9
105.14
124.42
91.28
125.38
111.24
95.04
106.4
110.28
118.52
97.34
110.64
78.14
104.26
104.86
93.54
104.54
84.94
97.38
119.34
90.6
106.32
85.86
113.8
99.84
101.32
74.42
93.36
79.24
86.54
132.48
77.62
90.48
83.14
79.46
112.68
108.28
86.02
93.46
112.34
104.82
109.64
104.66
106.06
110.76
86.1
99.42
95.94
103.2
105.06
110.9
128.32
84.64
104.6
89.9
107.78
94.04
108.64
73.92
80.42
80.76
113.1
93.72
97.92
81.92
102.88
77.86
119.12
83.74
107.02
102.38
88.44
115.6
68.58
90
102.18
98.28
72.22
108.94
114.86
82.04
102.42
127.06
77.78
103
104.66
89.38
100.28
113.02
112.78
107.06
104.84
91.64
123.2
91.98
102.38
92.8
106.7
112.74
105.3
112.06
96.48
98.92
95.98
103.84
92.18
86.86
85.52
107.32
100.08
128.24
112.56
86.14
107.08
107.9
96.88
103.88
86.96
100.1
95.2
95.82
92.82
93.88
103.26
107.2
100.92
110.82
81.64
85.88
110.76
108.04
93.96
75.88
104.3
106.42
83.56
111.72
112.32
126.82
98.52
102.34
99.64
123.68
93.04
92.54
93.5
103.52
88.78
106.8
93.54
126.36
110.12
126.94
116.08
110.32
106.02
114.68
108.48
104.3
96.78
116.3
99.3
127.2
81.18
98.38
89.44
98.28
95.54
82.3
91.98
94.6
104.58
100.4
94.36
108.72
97.26
93.02
100.1
114
94.38
103.08
127.92
101.32
119.96
113.78
76.02
87.46
87.1
91.02
100.74
87
95.94
122.46
108.02
107.46
94.72
102.1
78.26
96.88
100.7
97.42
79.58
121.14
97.5
99.18
113.78
100.56
95.18
112.98
110.16
90.56
108.5
144.86
79.32
107.52
86.46
92.44
99.64
84.22
86.6
107.18
108.1
73.72
90.78
112.64
99.08
94.76
96.72
99.06
88.14
114.28
98.96
100.18
86.16
87.9
103.76
101.34
107.66
91.4
87
81.94
106.4
86.78
74.86
121.3
125.08
101.94
88.74
103.42
82.6
98.84
83.74
97.48
121.74
97.98
90.72
101.38
103.36
99.14
98.44
102.08
121.48
99.66
89.92
120.12
110.74
100.54
114.88
74.24
113.52
95.86
76.48
104.3
120.32
87.54
94.84
97.38
109.22
108.04
98.22
75.56
132.4
111.22
75.34
111.04
109.32
132.12
99.7
91.44
104.8
100.42
110.18
89.12
93.18
105.98
111.12
104.66
116.62
97.22
70.72
85.06
111.84
78.88
77.9
91.38
95.86
93.84
97.44
97.6
97.1
104.48
108.34
94.5
105.42
79.4
83.66
83.7
92.18
138.38
91.08
90.18
110.66
97.72
76.38
84.06
83.62
111.66
94.54
83.74
78
110.76
92.74
118.02
85.86
104.08
101.28
82.66
108.62
110.86
84.94
99.72
117.68
78.74
105.54
119.7
95.56
103.96
121.52
79.34
99.96
80.28
93.34
72.3
109.1
103.32
94.94
88.3
122.24
96.48
122.3
101
97.04
95.06
100.32
83.16
105.3
71.4
104.8
74.3
98.26
102.18
93.54
103.24
115.24
108.36
81.6
96.32
90.58
114.24
76.84
104.94
115.58
114.74
83.2
100.34
96.18
113.14
117.24
71.64
120.72
91.52
86.46
121.22
77.74
85.06
109.68
83.88
119.62
119.62
100.34
112.92
113.4
101.86
112.12
90.14
98.18
113.24
113.14
98.02
116.42
122.92
119
95.52
115.42
99.72
100.1
98.9
94
104.88
125.3
94.92
106.12
98.52
100.3
115.88
95.94
88.42
106.88
97.92
82.26
84.86
102.68
101.86
98.94
103.78
94.88
94.62
89.34
93.72
109.1
99.94
105.72
106.14
109.8
96.52
102.14
128.52
93.76
96.42
97.68
104.48
86.84
79.54
102.18
136.16
103.88
96.84
90.94
103.9
110.88
86.58
116.38
97.32
104.9
103.78
131.98
136.4
81.92
76.9
89.32
76.08
78.42
87.34
108.54
85.18
109.7
96.46
107.26
92.06
104.46
110.08
90.2
116.98
97.54
95.4
91.86
98.08
94.24
118.78
97.08
88.44
86.26
86.6
111.34
79.18
104.68
75.62
126.34
108.84
120.34
93.5
114.2
92.4
109.5
117.86
95.7
85.82
98.7
105.66
98.94
103.5
98.58
109.82
89.24
87.3
125.62
80.2
72.64
127.66
99.96
115.82
100.78
100.42
144.16
98.08
106.52
102.82
89.34
107.9
84.62
95.44
86.2
99.16
83.8
105.28
98.62
114.32
107.08
98.56
91.36
92.84
97.26
107.48
101.88
93.26
98.96
113.02
114.14
95.06
78.62
96.96
92.16
93.56
100.98
103.6
108.58
103.62
86.22
110.84
99.36
108.26
115.2
97.58
104.88
111.12
86.3
116.52
114.42
129.22
99.1
111.38
87.56
98.72
120.34
108.5
94.86
94.42
78.02
114.84
105.68
109.34
83.54
87.46
103.24
91.02
117.98
99.86
91.58
104.14
96.94
106.16
110.24
93.38
109.16
93.72
96.14
96.46
105.56
101.94
82.52
106.26
94.84
120.62
112.44
122.84
96.36
93.82
88.8
94.16
111.64
93.28
96.32
106.5
99.16
101.52
80.92
105.08
108
101.16
85.18
108.46
113.78
76.86
93.32
98.18
86.64
87.8
123.18
103.98
93.92
96.54
112.2
122.68
96.68
97.4
106.92
101.1
113.38
73.68
85.86
101.32
122.8
93.92
115.88
114.54
101.02
95.58
117.3
81.16
86.52
95.92
77.96
112.4
101.22
87.56
75.5
90.18
114.16
111.2
87.66
85.48
75.82
109.78
102.7
104.56
117.6
123.26
112.7
98.66
91
108.5
117.34
114.62
111.42
77.5
84.94
105.06
114.06
105.44
88.68
90.74
103.68
91.96
85.64
119.92
93.92
87.62
92.02
121.3
106.22
110.74
86.1
97.74
97.78
113.62
79.86
77.42
115.32
88.24
85.86
90.2
97.1
114
111.9
88.2
99.92
92.7
111.8
112.4
99.92
114.2
111.22
93.7
69.78
80.34
103.78
97.74
84.6
114.98
107.7
98.2
92.94
96.9
97.56
109.82
113.54
84.54
83.78
104.66
93.28
128.06
113.4
85.38
105.4
107.6
143.98
94.38
93.12
92.12
92.18
85.86
77.66
97.62
107.84
106.1
96.92
119.92
82.7
96.32
94.18
86.44
93.88
116.12
110.08
75.46
102.28
77.34
101.7
100.84
77.04
103.82
110.08
116.52
95.18
94
103.46
83.38
91.26
89.46
87.84
89.48
96.88
92.88
79.82
115.44
116.82
104.78
72.1
68.06
126.52
104.98
103.54
96.1
120.02
115.34
92.04
89.12
98.78
122.8
93.56
119.42
93.12
91.74
117.86
93.84
109.76
84.62
89.02
108.26
117.14
69.52
101.22
85.54
123.28
84.3
105.1
127.6
77.62
89.32
112.3
96.52
112.86
109.94
101.12
96.14
108.42
114.88
70.62
105.32
108.24
87.18
95.16
109.1
89.36
86.98
119.24
114.52
105.92
88.94
95.36
92.08
99.42
97.58
129.14
104.16
113.62
106
91.3
113.58
106.16
100.8
92.44
93.3
85.24
109
126.36
85.66
104.9
100.48
106.1
100.04
96.98
83.24
72.58
107.7
78.68
113.28
136.94
97.26
79.88
91.44
86.56
114.92
71.76
111.24
114.18
109.52
98.04
101.02
99.12
110.38
93.2
97.9
97.3
80.2
86.42
84.22
120.62
88.7
93.66
108.82
115.7
107.28
102.16
114.78
83.06
94.82
106.46
96.76
96.72
118.64
94.64
106.22
103
113.58
102.84
106.64
113.66
75.4
122.64
111.04
111.96
71.12
92.64
116.06
97.38
96.68
92.14
98.7
93.74
110.1
99.38
100.82
84.98
100.3
91.84
84.4
97.52
119.42
90.16
118.46
76.84
94.24
92
116.4
111.22
108.24
91.22
99.94
89.38
124.58
98.34
138.6
89.7
89.84
114.32
77.72
71.34
84.14
109.22
97.04
113.76
107.22
89.1
112.34
88.06
97.48
99.44
128.28
104.88
104.92
91.62
120.24
83.5
85.08
103.28
115.1
93.24
97.76
116.78
88.1
89.84
122.56
117.2
104.84
84.98
99.64
88.68
112.52
81.46
81.58
100.14
106.14
84.68
95.04
95.78
111.84
120.42
77.1
95.12
104.52
114.6
78.86
80.7
84.02
84.82
102.44
93.14
93.82
90.12
100.96
71.78
109.24
140.32
83.12
105.34
93.24
100.44
127.8
123.5
124.8
77.82
100.22
123.52
121.54
120.54
86.78
122.98
79.54
108.62
85.4
113.46
102.6
91.14
103.72
103.88
78.08
86.96
109.8
98.12
83.1
93.66
110
100.24
94.6
117.48
113.36
103.08
120.14
110.44
102.6
101.46
85.24
91.66
83.46
83.58
103.12
94.16
83.56
120.22
106.58
113.56
116.66
127.2
121.74
93.8
89.58
89.08
120.5
82.82
99.42
102.5
100.38
93.48
95.36
99.42
88.84
91.52
108.14
119.18
80.58
88.02
102.8
87.64
111.12
105.64
90.7
88.38
95.82
108
122.1
103.32
102.1
90.04
100.92
84.4
109.76
102.82
93.3
89.68
98.18
78.98
72.3
101.46
86.92
94.04
91.06
96.78
111.78
71.46
99.64
97.88
104.3
97.4
84.28
108.82
106.6
91.28
98.18
97.42
108.44
100.66
81.74
98.24
94.48
92.14
94.96
101.08
104.24
99.28
106.44
106.3
105.56
92.46
108.58
112.64
125.84
106.64
112.42
87.46
115.76
80.44
70.06
66.32
84.3
75.14
111.62
83
100.3
100.76
80.98
87.62
108.18
102.18
100.46
102.48
124.42
99.36
87.86
129.32
96.78
93.62
105.8
77.84
107.22
105.16
87.44
97.7
110.96
99.72
97.16
90.86
104.96
103.76
86.58
96.76
104.84
102.98
73.24
126.9
89.88
115.42
101.42
90.18
100.12
68.08
109.9
88.08
91.1
84.9
88.68
90.36
102.8
114.96
112.72
87.48
114.22
84.84
103
86.02
112.46
91.94
101.96
105.02
81.36
117.72
91.78
84.48
91.52
92.34
109.32
103.08
83.66
106.7
98.34
118.92
79.94
102.98
94.04
102.96
88.12
91.34
97.82
114.74
77.66
91.04
101.54
68.7
117.98
88.8
107.86
111.2
137.46
94.24
96.42
85.66
111.3
110.66
114.88
97.74
87.94
106.6
127.16
99.56
92.5
96.64
98.24
115.88
101.9
101.46
83.48
72.28
91.82
95.44
87.52
100.74
102.12
103.34
77.58
120.92
125.44
127.9
119.68
93.02
82.8
107.42
92.68
84.12
82.16
121
105
80.72
86.88
66.22
98.06
93.46
120.62
80.56
101.12
69.2
107.16
94.72
97.96
99.5
88.1
84.82
86.76
80.98
90.5
83.62
122.92
84.1
109.14
91.14
122.44
99.74
97.8
94.34
104.8
114.22
80.6
79.72
85.68
91.5
91.88
78.48
120.76
118.82
108.12
93.18
96.06
88.76
98.5
86.3
76.58
115.4
126.92
97.62
112.66
129.82
106.4
106.5
94
118.96
99.34
100.68
95.72
109.34
118.68
95.68
102.34
102.9
124.08
139.94
91.04
123.94
99.66
107.98
103.72
124.84
99.56
80.28
101.06
81.32
101.7
88.52
98.04
95.76
101.22
89.92
111.14
112.72
79.62
88.26
91.98
92.18
88.86
102.68
82.78
87.94
105.34
63.34
114.76
113.3
80.92
108.16
125.94
88.12
120.54
86.3
80.44
90.88
102.96
91.3
111.9
100.74
104.9
116.28
101.78
100.32
84.62
132.68
105.16
92.9
95.94
83.26
104.82
103.86
95.9
75.42
83.26
112.96
102.98
101.52
109.3
123.92
113.58
104.3
89.82
94.92
92.24
121.1
85.52
103.1
92.46
99.16
80.54
104.92
112.4
91.92
111.96
108.78
104.4
89.64
130.16
91.86
99.3
81.1
106.04
130
124.98
86.66
95.94
92.52
86.04
83.66
100.94
100.5
99.44
78.06
98.94
134.48
102.28
77.3
95.5
84.72
134.46
119.78
79.14
93.7
120.34
85.84
115.54
90.28
99.88
106.48
103.48
77.52
111.94
134.02
98.16
132.08
90
108.92
105.64
97.74
112.76
118.46
91.88
96.3
112.82
110.08
127.82
90.1
111.62
111.96
101.62
108.32
101.58
115.64
96.12
88.96
117.6
93.74
107.68
109.34
81.3
89.36
78.82
118.82
111.52
105.36
91.48
106.32
103.66
117.78
85.62
122.72
114.58
85.98
90.4
96.96
70.5
105.94
111.52
96.66
96.92
91.7
96.04
102.64
103.34
89.96
93.62
134.86
124.38
96.96
124.68
103.7
95.02
126.96
97.46
120.68
84.28
92.02
111.88
117.52
102.7
66.7
80.28
113.9
91.98
93.82
121.28
89.84
120.74
101.52
72.4
102.14
110.54
121.76
76.32
86.56
85.12
85.96
94.24
87.76
106.28
108.2
118.36
82.66
77
79.7
97.68
118.08
91.64
95.98
134.58
74.82
81.58
104.16
101.92
116.64
88.56
96.94
94.5
99.64
73.46
79.02
97.88
54.52
91
107.96
110.46
112.06
106.26
99.76
81.02
128.08
96.4
99.86
100.56
92
74.32
93.28
99.8
112.92
100.74
85.42
88.02
93.22
80.6
134.12
122.02
102.12
108.12
75.76
92.86
109.18
113.44
92.48
83.08
76.4
100.66
90.38
94.16
107.9
83.66
108.42
106.86
121.88
110.58
90.7
97.48
104.02
94.9
94.34
80.28
113
103.46
104.28
95.68
103
105.96
115.2
81.96
83.52
92.82
85.72
108.7
115.5
96.08
72.52
87
114.9
106.18
101.24
88.9
73.76
89.9
114.64
91.94
110.32
111.32
95.32
109.82
81.98
85.76
89.08
114.3
91.68
88.64
89.56
104.9
97.42
98.72
101.74
88.92
90.72
124.54
110
108.06
111.6
88.9
86.04
123.94
135.72
82
109.72
106.78
90.94
100.74
88.58
125.66
97.66
107.3
101.26
86.68
109.46
105.8
92.4
100.64
99.04
102.22
109.68
94.18
120.38
118.36
93.62
108.8
100.7
79.18
112.52
94.78
97.4
101.64
114.06
94.58
92.52
117.96
88.02
122.94
131.62
101.48
83.04
81.7
113.36
118.72
91.6
98.4
112.78
102.42
71.84
85.82
94.92
123.1
108.76
95.24
95.8
103.5
96.44
92.92
87.46
104.38
99.5
82.04
98.56
112.3
120.4
106.3
108.22
77.2
115.86
112.08
110.24
114.1
77.76
82.12
97.14
104.14
83.96
74.6
95.42
110.54
90.64
89.9
84.16
92.9
103.56
97.84
90.38
110.06
96.38
124.6
113.44
98.06
105.2
86.42
98.24
135.36
101.78
94.94
109.28
97.54
101.72
111.54
90.08
83.46
110.54
105.86
73.02
90.18
106.62
85.98
112.7
114.38
99.7
109.26
129.24
109.08
105.32
121.08
93.9
88.82
82.08
67.42
123.08
112.12
90.78
88.36
99.76
112.84
88.66
95.76
76.4
115.6
103.98
120.52
95.92
99.16
99.08
101.74
80.42
94.86
149.84
107.3
87.1
67.32
84.46
128.24
119.24
89.34
91.38
96.46
98.68
108.62
71.38
86.34
107.96
110.32
102.68
114.36
120.36
119.06
84.78
91.52
120.48
84.84
113.12
102.38
119.88
110.02
84.56
109.24
103.1
87.82
109.52
106.76
93.56
93.64
85.74
100.64
101.66
73.96
87.46
140.56
111.78
88.14
109.46
91.66
104.02
104
102
74.88
114.68
96.58
78.08
107.46
80.2
114.48
85.46
80.42
106.56
96.82
75.1
105.3
111.26
100.14
85.88
88.74
106.64
83.02
123.48
94.48
77.68
86.42
96.62
127.42
116.54
96.16
98.92
116.56
88.1
100.86
99.34
73.1
84.56
112.86
96.58
83.06
86.86
82.96
88.46
105.4
75.38
107.5
103.84
97.44
88.4
91.24
134
88.22
92.6
102.7
92.66
94.16
84.5
106.14
94.56
109.58
94.46
103.56
85.06
80.38
83.7
101.28
89.78
116.94
112.8
73.24
91.94
86.94
96.36
105.3
108.1
95.6
112.34
113.62
106.04
83.76
118.5
102.12
80.84
106.3
105.02
96.44
78.62
83.64
106.88
102.08
106.4
85.34
89.14
104.7
112.14
84.76
103.14
80.2
119.68
98.78
123.6
71.18
98.08
84.44
80.66
103.06
123.98
101.58
101.58
102.04
119.72
87.08
108.56
99.66
131.18
110.28
105.68
110.24
101.22
103.36
100.88
108.02
86.6
106.42
94.34
119.22
131.16
79.36
112.26
99.66
119.2
74.64
97.18
113.78
132.48
87.3
93.52
110.12
92.9
108.56
104.12
102.72
97.48
95.82
124.12
109.08
100.76
94.74
98.96
102.64
102.88
108.44
98.44
121.74
104.98
85.98
101.58
98.2
114.94
100.18
109.16
102.04
83.22
111.6
93.48
111.1
94.4
103.94
105.46
86.72
128.58
108.14
93.2
102.58
93.2
75.6
99
91.08
94.78
115.2
101.98
120
85.16
98.04
82.74
95.92
94.52
116.46
85.1
95.02
84.92
103.72
96.14
86.66
81.76
101.36
90.08
95.24
69.54
82.64
76.96
105.6
101.72
99.24
124.16
101.32
115.36
86.24
113.24
106.18
86.98
122.92
119.58
110.96
98.96
95.1
88.28
119.28
104.66
100.58
92.06
114.9
102.42
85.74
104.7
88.22
104.9
109.08
126.02
114.18
100.2
109.84
86.84
89.08
101.32
103.58
96.86
100.1
93.54
113.52
104.04
102.9
117.42
107.64
98.5
74.9
76.58
101.18
114.96
123.68
107.08
117.34
96.16
105.14
80.84
102.7
95.3
93.72
80.16
109.1
78.44
85.96
121.6
85.12
112.34
80.72
103.98
83.78
106.54
104.4
100.38
91.88
100.84
101.92
107.24
85.26
90.22
97.8
88.28
105.5
97.8
98.78
90.66
119.06
100.18
80.22
115.02
110
111.42
94.86
95.62
111.68
115.64
107.88
75.38
94.6
105.78
95.74
91.96
91.3
100.92
91.18
91.5
95.32
70.2
118.56
93.8
88.12
101.04
116.38
102.5
84.9
102.98
92.68
79.34
107.98
114.9
128.58
104.32
114.96
98.94
93.02
114.02
84.08
121.82
111.14
106.96
106.52
92.04
91.26
104.68
95.56
95.98
100.64
82.4
115.74
104.56
87.52
76.2
89.84
126.94
101.3
83.34
99.74
98.98
108.1
96.9
91.14
99.5
91.76
112.16
84.52
79.52
106.1
102.82
111.02
94.58
91.56
84.64
111.82
126.88
74.16
100.06
78.94
85.8
83.84
92.58
89.3
91.76
129.24
102.98
95.22
81.28
98.56
118.12
90.2
103.34
99.06
101.06
64.78
116.46
106.44
109.82
97.9
100.44
108.86
128.5
105.24
90.62
100.04
84.74
108.02
122.04
100.52
73.62
112.2
116.54
102.62
97.64
87.02
106.56
89.08
89.36
87.5
77.18
108.3
95.68
81.2
90.58
99.34
70.42
93.1
82.32
94.76
139.1
104.94
98.72
117.66
89.84
73.94
74.08
118.84
107.6
112.3
110.84
80.38
98.62
96.36
116.42
93.18
101.34
105.1
109.28
92.26
81.22
80.74
66.14
101.38
104.7
105.24
98.98
93.34
98.64
98.5
80.6
100.02
107.66
112.62
121.54
99.84
90.2
102.64
107.8
90.56
101.12
104.92
82.82
87.4
130.18
74.98
101.4
118.36
108.48
80.92
104.36
104.68
95.12
109.24
97.98
113.58
79.74
108.06
98.8
134.5
104.9
102.74
100.46
70.74
87.08
90.42
83.02
129.62
110.76
89.46
103.04
112.26
112.62
99.4
101.3
102.92
88.18
113.92
134.22
77.88
112.7
103.04
97.76
95.44
97.48
123.4
99.12
98.04
144.3
96.26
97.74
86.36
97.22
117.58
110.76
94.04
99.08
87.14
90.78
81.14
73.08
79.52
67.7
111.78
78.58
92.42
93.96
101.24
91.14
102.4
107.68
126.62
82.5
91.66
107.46
104.92
93.02
95.8
139.04
101.3
103.22
87.7
85.98
107.1
110.86
91.96
111.08
105.52
102.12
95.08
90.86
95.9
106.08
106.6
92.92
133.56
93.74
88.32
75.22
97.24
88.06
106.18
96.96
105.44
109.06
115.3
100.3
97.24
87.06
93.58
117.18
118.64
110.66
103.1
125.74
93.3
108.14
117.54
108.16
87.9
115.14
119.74
93.12
119.02
63.08
91.42
95.88
101.64
105.86
118.94
95.32
122.12
98.7
107.56
108.18
104.78
75.74
95.94
90.52
82.9
88.74
108.5
114.72
85.34
111.74
108.72
94.64
79.96
110.38
106.3
120.56
92.88
78.46
82.94
106.64
83.4
111.6
99.8
84.52
113.74
120.54
89.32
100.22
114.9
106.44
89.92
91.46
118.16
67.66
106.24
71.58
98.04
112.76
86.26
106.12
110.78
80.56
106.1
110.16
99.08
79
110
104.06
81.16
113.82
106.14
149.22
114.18
84.88
103.1
132.46
88.42
92.76
114.4
87.88
80.42
95.26
116.82
89.6
118.16
89.84
79.84
81.28
116.2
104.28
107.9
82.88
134.24
80.06
78.38
81.12
89.52
112.64
95.48
106.1
83.46
111.84
104.34
87.52
95.6
103.2
118.46
117.86
86.92
104.64
104.74
97.6
102.72
124.54
111.74
77.8
75.68
105.94
106.2
111.76
80.72
97.84
94.26
98.56
98.92
96.8
99.56
100.36
100.5
85.74
93.46
105.76
96.98
101.12
88.82
95.66
91.74
99.56
95
112.88
96.36
97.1
93.44
90.94
91.94
89.6
108.7
118.94
85.28
100.38
123.34
95.14
80.22
132.3
104.32
98.6
104.16
94.52
123.52
85.72
105.76
97.28
96.52
88.66
113.2
114.46
101.06
120.38
110.22
110.44
82.78
88.36
88.34
87.4
121.34
100.38
80.08
88.24
99.44
104
95
90.82
109.36
92.66
86.46
87.74
111.08
92.16
85.76
93
98.82
109.1
90.84
133.54
91.78
93.06
100.22
129.84
82.06
127.28
95.96
72.48
81.22
92.62
78.98
109.04
109.14
103.6
102.2
124
103.76
109.46
97.12
90.14
136.5
91.94
83.68
85.4
115.08
96.22
84.1
99.3
114.1
90.2
117
90.3
98.06
90.22
111.96
94.94
93.84
95.14
95.56
116.54
103.28
113.9
95.06
105.22
96.02
124.18
118.06
80.34
109.22
86.58
94.74
104.8
89.38
106.7
96.5
82.46
127.92
115.12
107.44
98.4
120.22
84.54
81.66
99.4
78.46
75.56
76.68
97.7
109.62
102.08
93.7
96.54
112.46
110.58
117.12
111.4
101.94
103.54
103.46
117.3
119.5
78
82.56
103.42
113.72
109.86
106.18
110.6
116.16
93.2
87.54
110.12
80.08
107.42
83.38
86.32
92.96
106.76
98.26
101.08
98.02
93.52
94
83.26
80.48
98.14
113.7
94.72
120.1
111.86
74.36
114.42
90.6
87
127.84
101.12
99.48
105.68
72.76
138.92
83.92
87.04
78.24
119.98
77.36
104.42
115
116.88
102.64
124.38
92.62
80.9
95.48
132.48
87.34
115.68
110.26
84
111.92
99.32
98
91.16
82.72
107.16
78.46
106.64
103.24
99.92
86.38
98.9
99.92
88.14
81.32
96.9
77.34
98.1
87.9
79.22
83.74
123.92
76.12
89.9
88.86
97.16
84.04
120.32
112.74
90.08
91
96.98
79.84
110.12
95.3
101.3
86.06
93.6
95.36
81.16
89.9
85.64
102.62
98.22
111.3
100.32
109.06
93.76
101.38
117.84
90.12
71.44
106.84
118.42
96.46
115.54
101.92
102.86
101.6
95.16
122.08
75.44
85.02
81.38
74.08
118.28
115.56
134.24
90.96
86.9
69.1
117.7
109.36
90.54
90.26
95.62
98.94
128.42
98.56
72.46
90.8
108.38
84.94
115.72
87.78
95
97.58
82.26
109.02
108.9
121.18
102.86
107.16
97.96
117.74
82.38
89.72
75.42
92.02
114.64
116.1
104.36
118.02
84.96
100.46
78.72
103.68
85.06
93.68
132.56
87.86
125.5
115.28
117.64
97.64
85.98
102.36
100.1
95.24
85.72
105.28
96.36
99.26
94.36
87.08
100.7
92.5
99.28
94.88
102.96
83.92
94.66
98.18
98.06
109.86
103.42
104.9
97.9
59.7
64.8
97.28
100.38
102.68
121.38
89.7
115.96
112.72
97.44
78.22
90.96
101.72
118.4
116.16
93.8
75.64
139.32
119.5
96.4
86.9
95.56
88.38
92.64
100.58
91.96
103.68
96.66
98.76
96.24
108.34
69.52
85.06
79.74
106.36
111.06
101.36
116.2
101.84
121.78
104.76
127.04
85.08
95.44
112.1
95.94
122.5
104.66
105.5
90.16
106.4
91.46
104.28
122.94
150.06
77.08
70.14
84.68
92.52
106.54
110.52
100.2
101.34
112.28
100.84
113.72
86.42
69.3
100.62
105.72
88.54
100.62
92.56
113.6
109.16
109.94
91.6
113.54
99.7
100.46
101.9
114.6
113.66
94.82
95.68
80.22
86.62
100.26
74.86
122.06
102.86
108.32
85.56
111.24
103.96
76.74
123.12
108.96
80.78
92.54
93.96
111.22
100.42
114.86
111.46
86.34
119.36
104.16
70.26
86.66
110.86
96.38
111.24
101.24
107.76
92.7
99.14
107.7
115.1
90.6
125.68
115.28
80.02
107.86
137.42
117.88
121.52
101.38
89.1
116.74
97.46
100.9
85.66
96.18
93.9
97.1
79.64
77
113.78
94.34
133.16
112.5
83.72
93.22
89.98
95.76
129.88
71.8
98.82
88.7
89.62
96.02
109.92
100.18
97.02
74.68
84.9
96.26
92.66
102.34
93.26
76.14
103.9
95.04
93.72
