3.14961 0
3.18771 0.0381001
3.18334 0.0224265
3.25707 0.0754166
3.24566 0.0595221
3.21362 0.0582088
3.12801 0.0987346
3.14352 0.0869006
3.16155 0.0787314
3.16285 0.0704316
3.1809 0.0662141
3.20568 0.0653273
3.18533 0.0634433
3.17591 0.0594879
3.17752 0.0554035
3.14671 0.0602916
3.15136 0.0568249
3.13168 0.0570737
3.15483 0.0587383
3.16375 0.0564343
3.18018 0.0561377
3.16102 0.0568517
3.15146 0.0551582
3.14546 0.0531495
3.13475 0.0520922
3.13163 0.0501462
3.12873 0.04834
3.12127 0.047176
3.1379 0.0484636
3.1417 0.0469746
3.13737 0.0456398
3.14179 0.0444106
3.15578 0.0452616
3.15634 0.0439137
3.14838 0.0433774
3.14323 0.0424687
3.14989 0.0418392
3.16447 0.0432526
3.16222 0.0421887
3.1665 0.0413424
3.17337 0.040903
3.17785 0.0401673
3.19088 0.0413311
3.19673 0.0408024
3.19407 0.0399741
3.1811 0.041191
3.1774 0.040474
3.17631 0.0396368
3.17287 0.038972
3.17048 0.0382593
3.17208 0.0375357
3.16602 0.0373017
3.1639 0.0366527
3.16916 0.0363511
3.16836 0.0356931
3.16673 0.0350879
3.16917 0.0345531
3.16487 0.0342234
3.16546 0.0336436
3.16735 0.0331319
3.16626 0.0326025
3.1637 0.0321744
3.1627 0.0316753
3.15857 0.0314485
3.15457 0.0312183
3.15645 0.0307991
3.15828 0.0303907
3.16005 0.0299928
3.15396 0.0301762
3.15031 0.0299649
3.14798 0.0296314
3.14257 0.0297132
3.14444 0.0293626
3.14737 0.029111
3.1427 0.0290973
3.15505 0.031257
3.15314 0.0309079
3.15617 0.0306596
3.14975 0.0309423
3.14914 0.0305592
3.15141 0.0302651
3.15397 0.0300032
3.16276 0.0309153
3.16652 0.0307751
3.16915 0.0305241
3.17274 0.0303805
3.17769 0.0304349
3.17655 0.0301088
3.18247 0.0303522
3.18183 0.0300198
3.17637 0.0301868
3.17478 0.0298991
3.17348 0.0296046
3.16735 0.0299223
3.17449 0.0304557
3.17615 0.0301822
3.17184 0.0301779
3.17136 0.0298722
3.17017 0.0295929
3.16901 0.0293188
