0.0902812 0
0.081527 0.00875425
0.0855119 0.00643627
0.0850145 0.00457823
0.0835499 0.00383683
0.0842699 0.00321442
0.0849942 0.00281159
0.0855428 0.00249595
0.0865722 0.00243
0.086124 0.00221918
0.0859545 0.00201447
0.0852905 0.00195516
0.0853463 0.00179935
0.0850374 0.00169429
0.0851808 0.0015838
0.086316 0.00186645
0.0862349 0.0017551
0.085696 0.00174025
0.084965 0.00180112
0.0844624 0.00178108
0.0839802 0.00176144
0.084167 0.00168983
0.0847675 0.00172272
0.0847672 0.00164938
0.0844289 0.0016178
0.0846743 0.00157357
0.0845568 0.00151872
0.0843154 0.00148325
0.0842339 0.00143351
0.0850769 0.00162126
0.0848611 0.00158287
0.0848437 0.0015327
0.0845854 0.00150782
0.0845578 0.00146306
0.084712 0.00142899
0.0844615 0.00141115
0.0842398 0.00139028
0.0844612 0.00137119
0.0845629 0.00133943
0.0846763 0.00131043
0.0846904 0.00127815
0.0847344 0.00124812
0.0849091 0.00123121
0.0848004 0.0012078
0.0847533 0.0011816
0.0848198 0.00115753
0.0848299 0.00113268
0.0846907 0.00111754
0.0846815 0.00109453
0.0845993 0.00107557
0.0845243 0.00105692
0.084653 0.00104436
0.0843956 0.00105631
0.0843809 0.00103667
0.0844012 0.00101785
0.0843342 0.00100175
0.0841427 0.00100248
0.0841263 0.000985176
0.0840295 0.000973161
0.0841953 0.000971068
0.0842441 0.000956259
0.084128 0.000947836
0.0841561 0.000933092
0.0842037 0.000919626
0.0841371 0.000907815
0.0840328 0.000900008
0.0840448 0.000886554
0.0838603 0.000892698
0.0837224 0.000890404
0.0835821 0.00088874
0.083568 0.000876247
0.0834485 0.000872214
0.0834874 0.000861062
0.0835358 0.000850722
0.083536 0.000839302
0.0835302 0.000828205
0.0834716 0.000819474
0.083609 0.000820473
0.083766 0.000825103
0.0837653 0.000814724
0.0836688 0.000810373
0.0835259 0.000813084
0.0834937 0.000803872
0.0834669 0.000794699
0.0835805 0.00079348
0.0835793 0.0007842
0.0838267 0.000813676
0.0836865 0.000816503
0.0834889 0.000831111
0.0835926 0.000828344
0.0836335 0.00082021
0.0837643 0.000821716
0.0837053 0.00081497
0.0837432 0.000807146
0.0838007 0.000800672
0.0838501 0.000793825
0.0838588 0.000785646
0.0838563 0.000777592
0.0838665 0.000769765
0.0837374 0.000772884
