1 12.9866 0
2 13.5264 0.539762
3 14.0466 0.606474
4 14.4965 0.62149
5 15.0035 0.699153
6 15.3978 0.69383
7 14.9839 0.717777
8 14.9826 0.621614
9 15.1095 0.5627
10 14.7869 0.597806
11 15.0399 0.597002
12 15.0938 0.547646
13 15.0934 0.503761
14 15.1348 0.468228
15 14.9958 0.457527
16 15.2554 0.500595
17 15.2509 0.470249
18 15.3239 0.449332
19 15.3975 0.431344
20 15.3742 0.409867
21 15.3202 0.393584
22 15.1883 0.397787
23 15.2402 0.383628
24 15.2786 0.369299
25 15.155 0.375156
26 15.1117 0.363037
27 15.0332 0.358033
28 15.0191 0.345296
29 14.9687 0.336968
30 15.0254 0.330441
31 15.0067 0.320151
32 14.9178 0.322501
33 14.9509 0.314328
34 14.9712 0.30562
35 14.9629 0.296876
36 14.9959 0.290394
37 15.0025 0.282513
38 14.9346 0.283242
39 14.9656 0.27763
40 14.9713 0.27066
41 14.9709 0.263976
42 14.9892 0.258262
43 15.0385 0.256969
44 15.0321 0.251142
45 15.0685 0.248184
46 15.0693 0.24273
47 15.0576 0.237796
48 15.0899 0.235008
49 15.1379 0.235125
50 15.0938 0.234567
51 15.1002 0.230011
52 15.1042 0.225581
53 15.0885 0.22184
54 15.11 0.218752
55 15.077 0.217256
56 15.0882 0.213631
57 15.0239 0.219471
58 15.0149 0.215842
59 14.9806 0.214907
60 14.9843 0.211328
61 15.0071 0.209076
62 15.0826 0.219116
63 15.1051 0.216781
64 15.0999 0.213431
65 15.1125 0.210497
66 15.0909 0.208408
67 15.1227 0.207729
68 15.1451 0.205875
69 15.1198 0.204447
70 15.1427 0.202809
71 15.1526 0.200174
72 15.1642 0.197715
73 15.2057 0.19937
74 15.2466 0.200849
75 15.2206 0.199847
76 15.2253 0.197256
77 15.2862 0.203979
78 15.2891 0.201367
79 15.3153 0.20053
80 15.3594 0.202845
81 15.3171 0.204728
82 15.3094 0.202365
83 15.2851 0.201381
84 15.294 0.199168
85 15.2831 0.197113
86 15.2889 0.194895
87 15.2938 0.192703
88 15.2454 0.196552
89 15.1995 0.199678
90 15.191 0.197629
91 15.1981 0.195572
92 15.21 0.193801
93 15.19 0.192744
94 15.149 0.195032
95 15.145 0.193011
96 15.1861 0.195361
97 15.1836 0.193352
98 15.1688 0.191944
99 15.1618 0.190122
100 15.148 0.188717
