1 20.9039 0
2 16.7789 4.12502
3 16.4242 2.40784
4 16.2183 1.71501
5 15.5265 1.49779
6 14.8348 1.40497
7 14.5108 1.23083
8 14.5243 1.06601
9 14.8506 0.995152
10 14.7692 0.893811
11 14.7557 0.808595
12 14.8536 0.744615
13 14.9801 0.696535
14 15.0647 0.65038
15 14.9974 0.6092
16 15.0537 0.572629
17 15.0067 0.53994
18 14.9538 0.5118
19 14.9367 0.484415
20 14.9518 0.459803
21 14.9082 0.439527
22 14.868 0.420991
23 14.916 0.405127
24 14.9751 0.392356
25 14.9537 0.376946
26 14.8198 0.386103
27 14.847 0.372522
28 14.9281 0.368016
29 14.9516 0.355877
30 14.8635 0.354934
31 14.7697 0.355858
32 14.7919 0.345268
33 14.816 0.335512
34 14.8968 0.335356
35 14.9264 0.326983
36 14.9517 0.318775
37 14.9777 0.311125
38 14.8398 0.332759
39 14.821 0.324658
40 14.7886 0.318086
41 14.8183 0.311646
42 14.8466 0.305452
43 14.9042 0.303762
44 14.8778 0.297943
45 14.8934 0.291661
46 14.8707 0.28615
47 14.8522 0.28061
48 14.9139 0.281561
49 14.943 0.277285
50 14.9218 0.272509
51 14.9506 0.268661
52 14.9927 0.266776
53 14.9684 0.262818
54 14.9769 0.258045
55 14.9673 0.253491
56 14.969 0.248929
57 14.955 0.244921
58 14.9736 0.241374
59 14.9447 0.238995
60 14.9625 0.23565
61 14.9818 0.232552
62 15.0036 0.22981
63 15.0029 0.226134
64 15.0363 0.225058
65 15.0527 0.222174
66 15.0348 0.219515
67 15.0007 0.218871
68 14.9471 0.222212
69 14.9306 0.219585
70 14.9354 0.216477
71 14.9585 0.214655
72 14.9397 0.212488
73 14.919 0.210575
74 14.8971 0.208856
75 14.8891 0.206211
76 14.8647 0.20493
77 14.8903 0.20386
78 14.9264 0.204442
79 14.9055 0.202915
80 14.8751 0.202646
81 14.8699 0.200198
82 14.901 0.200174
83 14.9017 0.197749
84 14.9128 0.195691
85 14.9131 0.193376
86 14.8948 0.191985
87 14.8796 0.190368
88 14.8573 0.189517
89 14.8682 0.187696
90 14.8679 0.185599
91 14.8462 0.184832
92 14.841 0.182886
93 14.8405 0.18091
94 14.8396 0.178977
95 14.8134 0.179011
96 14.8168 0.177169
97 14.8118 0.175403
98 14.8034 0.173809
99 14.797 0.172161
100 14.7958 0.170435
