1 6.55261 0
2 6.49248 0.0601355
3 6.50799 0.0380281
4 6.18784 0.321282
5 6.08997 0.267417
6 5.95975 0.254224
7 5.95958 0.214858
8 6.0152 0.194207
9 5.96862 0.177495
10 6.00756 0.163463
11 5.88032 0.19507
12 5.84178 0.182196
13 5.82639 0.168302
14 5.82542 0.15582
15 5.87859 0.154499
16 5.84683 0.14797
17 5.73685 0.177242
18 5.66122 0.183424
19 5.65399 0.173652
20 5.60295 0.172466
21 5.71312 0.197603
22 5.70396 0.18863
23 5.65302 0.1873
24 5.58837 0.190627
25 5.55414 0.186018
26 5.58433 0.181252
27 5.58065 0.174449
28 5.57168 0.168342
29 5.59112 0.163592
30 5.56672 0.159918
31 5.56929 0.154695
32 5.58017 0.150177
33 5.55102 0.148445
34 5.51845 0.14765
35 5.49842 0.144762
36 5.52216 0.142673
37 5.51486 0.138956
38 5.52117 0.135397
39 5.49519 0.134416
40 5.48598 0.131336
41 5.45472 0.131852
42 5.43235 0.130604
43 5.42295 0.127876
44 5.45219 0.128312
45 5.44472 0.125651
46 5.42692 0.124171
47 5.41158 0.122465
48 5.38367 0.123092
49 5.36109 0.12265
50 5.37934 0.121549
51 5.43645 0.132123
52 5.44529 0.129859
53 5.44874 0.127432
54 5.43891 0.125435
55 5.4363 0.123161
56 5.4402 0.121005
57 5.44062 0.118864
58 5.42077 0.11847
59 5.43729 0.11761
60 5.44054 0.115679
61 5.40829 0.118248
62 5.39105 0.117597
63 5.37163 0.117333
64 5.36909 0.115513
65 5.3876 0.115218
66 5.39841 0.113973
67 5.38013 0.113739
68 5.37301 0.112279
69 5.37694 0.11071
70 5.37454 0.109143
71 5.37301 0.107606
72 5.3776 0.1062
73 5.37653 0.104741
74 5.35801 0.104963
75 5.36126 0.103605
76 5.3678 0.102441
77 5.35479 0.101935
78 5.35909 0.100712
79 5.34498 0.100424
80 5.33791 0.0994129
81 5.34527 0.0984537
82 5.3339 0.0979091
83 5.3397 0.0968962
84 5.34396 0.0958305
85 5.34219 0.0947129
86 5.35808 0.0949427
87 5.35378 0.0939434
88 5.36662 0.0937528
89 5.38679 0.0948635
90 5.37885 0.0941389
91 5.38693 0.0934481
92 5.39727 0.0930034
93 5.39485 0.0920297
94 5.41197 0.0926417
95 5.39595 0.0930515
96 5.39471 0.0920855
97 5.37391 0.0934732
98 5.38199 0.0928664
99 5.39335 0.0926221
100 5.39723 0.0917736
