1 4.43274 0
2 5.35359 0.920848
3 5.57831 0.577192
4 5.53493 0.410435
5 5.66484 0.343438
6 5.70314 0.283019
7 5.6207 0.253001
8 5.48356 0.25849
9 5.52484 0.231674
10 5.57273 0.21268
11 5.66028 0.211358
12 5.56812 0.213824
13 5.6703 0.221648
14 5.61089 0.213633
15 5.62755 0.199578
16 5.55236 0.201263
17 5.52881 0.190514
18 5.56753 0.183744
19 5.52063 0.180021
20 5.50011 0.172011
21 5.50204 0.163627
22 5.58736 0.177818
23 5.53555 0.177636
24 5.54767 0.170505
25 5.52157 0.165611
26 5.59083 0.173533
27 5.57548 0.167685
28 5.55689 0.162652
29 5.5068 0.164743
30 5.54471 0.163611
31 5.5996 0.167494
32 5.57897 0.163482
33 5.5563 0.160064
34 5.50035 0.165056
35 5.51266 0.160743
36 5.49758 0.15694
37 5.47651 0.154087
38 5.51358 0.154493
39 5.52616 0.151003
40 5.56556 0.152363
41 5.56364 0.148613
42 5.51332 0.153514
43 5.49549 0.150958
44 5.50206 0.147633
45 5.52138 0.145602
46 5.53836 0.143411
47 5.53015 0.140566
48 5.51841 0.138107
49 5.52714 0.13554
50 5.54339 0.133792
51 5.52874 0.131957
52 5.50329 0.131874
53 5.50277 0.129363
54 5.50434 0.126954
55 5.51187 0.124852
56 5.51052 0.12261
57 5.50925 0.120446
58 5.49396 0.119336
59 5.52245 0.120708
60 5.53583 0.11943
61 5.51461 0.119357
62 5.49474 0.119086
63 5.4749 0.118849
64 5.45668 0.118388
65 5.4601 0.116603
66 5.46821 0.115108
67 5.45271 0.114432
68 5.45837 0.112879
69 5.44903 0.111623
70 5.46663 0.111415
71 5.46577 0.109838
72 5.48084 0.109344
73 5.49028 0.108249
74 5.47925 0.107344
75 5.48545 0.106084
76 5.46691 0.106309
77 5.47395 0.105155
78 5.4513 0.106241
79 5.4472 0.104967
80 5.47058 0.106253
81 5.47274 0.104955
82 5.47067 0.103688
83 5.47052 0.102431
84 5.45997 0.101753
85 5.45982 0.100549
86 5.47594 0.100672
87 5.48245 0.0997212
88 5.49129 0.0989766
89 5.48275 0.0982296
90 5.47638 0.0973408
91 5.47815 0.0962814
92 5.47681 0.0952386
93 5.47734 0.0942104
94 5.47004 0.0934884
95 5.47309 0.0925495
96 5.46688 0.0917909
97 5.46822 0.0908495
98 5.46804 0.0899178
99 5.47555 0.0893205
100 5.4801 0.0885398
