#   CITIES
         1
        66
        98
        97
        62
        19
        22
        87
        64
        88
        63
        49
        73
        44
        54
        51
        74
        77
        35
        15
        58
        81
        67
        29
        72
        50
        59
        57
        68
         2
        39
        89
        42
        31
         7
        96
         4
        14
       106
        61
       105
       103
        27
        48
        13
        92
        17
        53
       107
       109
        99
        16
        11
       100
        75
       102
        40
       101
       104
        65
        85
        34
        79
        37
         5
        90
        41
       110
        84
        46
        38
        45
        82
        95
        69
        70
        83
         3
        52
        33
         6
        94
        71
        26
        43
        23
        60
        12
        21
        36
         8
        86
        76
        10
         9
        18
        47
        93
        55
        28
        30
        25
       108
        56
        80
        24
        91
        78
        32
        20
