#   CITIES
         1
        20
        78
        24
        56
        91
        66
        98
        32
        28
        25
       108
        80
        47
        30
        10
        26
        94
        46
        12
        36
         9
        86
        23
        60
        93
        55
        76
        18
        43
        84
        49
        88
        63
        22
        97
        87
        64
        19
        62
        70
       110
         5
        44
        72
        74
        54
        81
        65
        37
        27
         4
       103
        31
        57
         2
        89
         7
       106
        61
        59
        48
        73
        39
        42
        17
        92
        16
        99
        11
        75
       109
       100
        69
        82
        21
        38
        95
        41
        90
       101
       102
        83
        53
        85
        51
        35
       107
        77
        68
        14
        96
        29
        67
        58
        15
        79
        34
        50
       105
        13
       104
        40
        52
         6
         3
        33
        45
        71
         8
