0 1 0
1 1.41604 0.00391467
2 1.73575 0.00585938
3 1.99937 0.00655351
4 2.23568 0.00747394
5 2.44941 0.00899967
6 2.63979 0.0105019
7 2.82196 0.0114122
8 2.99922 0.0115794
9 3.15957 0.0116846
10 3.31432 0.0124574
11 3.45892 0.0130663
12 3.59668 0.014093
13 3.72859 0.0147747
14 3.85981 0.0157916
15 3.98744 0.0163062
16 4.10984 0.0161755
17 4.22131 0.0169157
18 4.334 0.0181554
19 4.4508 0.0191271
20 4.56515 0.0191456
21 4.6685 0.0189977
22 4.76999 0.0204918
23 4.86206 0.0204585
24 4.96979 0.0208912
25 5.07508 0.0205981
26 5.17481 0.0207319
27 5.25973 0.0210748
28 5.35303 0.0212225
29 5.43998 0.0216092
30 5.53005 0.0218629
31 5.61581 0.0218865
32 5.70739 0.0223465
33 5.79232 0.0226726
34 5.87748 0.0229714
35 5.95908 0.0240173
36 6.05008 0.0246129
37 6.13176 0.0259347
38 6.21643 0.0253494
39 6.29614 0.0257794
40 6.37909 0.0263504
41 6.4587 0.0273503
42 6.53721 0.0281731
43 6.61104 0.0281131
44 6.68133 0.0295258
45 6.75563 0.0295773
46 6.82198 0.0295728
47 6.88815 0.0308021
48 6.96318 0.0294875
49 7.03619 0.0291415
50 7.10963 0.0288564
51 7.17513 0.0287102
52 7.24016 0.0285638
53 7.31657 0.0287626
54 7.3852 0.028358
55 7.45769 0.0276966
56 7.51187 0.0277135
57 7.57223 0.0280231
58 7.6373 0.029204
59 7.70102 0.0289341
60 7.76359 0.028902
61 7.82162 0.0289285
62 7.88553 0.0280864
63 7.95072 0.0283291
64 8.01369 0.0280943
65 8.07167 0.0284978
66 8.13607 0.0288678
67 8.19084 0.0287221
68 8.26389 0.0289743
69 8.32189 0.0290355
70 8.38402 0.0294661
71 8.44155 0.0309943
72 8.49877 0.0307592
73 8.56834 0.0308551
74 8.62438 0.0313042
75 8.67775 0.0310571
76 8.74269 0.0312396
77 8.8039 0.0321076
78 8.85904 0.0332141
79 8.91107 0.0336931
80 8.96769 0.0332456
81 9.0221 0.0341604
82 9.08045 0.033315
83 9.13804 0.0338301
84 9.18616 0.0342864
85 9.22907 0.0346734
86 9.29587 0.0344832
87 9.33964 0.0343461
88 9.38841 0.0354909
89 9.44056 0.0357997
90 9.49513 0.0366157
91 9.54542 0.0358585
92 9.59936 0.0355312
93 9.6511 0.0363956
94 9.69948 0.0360986
95 9.74999 0.036447
96 9.79747 0.0364017
97 9.84361 0.03775
98 9.90101 0.0379314
99 9.94834 0.0377357
