0 1 0
1 1.41556 0.0040251
2 1.73124 0.0056985
3 1.99193 0.00753809
4 2.23626 0.00873993
5 2.44647 0.00963991
6 2.64178 0.0098401
7 2.82109 0.0106616
8 2.98758 0.0107028
9 3.15264 0.0117436
10 3.30788 0.0124345
11 3.44308 0.0133363
12 3.58055 0.014225
13 3.71453 0.0150522
14 3.83607 0.0157511
15 3.96338 0.016692
16 4.09751 0.0165914
17 4.22904 0.018038
18 4.33983 0.0177275
19 4.45979 0.0172634
20 4.57691 0.0173711
21 4.68553 0.0183725
22 4.79485 0.0193351
23 4.89644 0.0198141
24 4.9942 0.0198467
25 5.0892 0.0196084
26 5.19889 0.0201894
27 5.30623 0.0205807
28 5.38581 0.0209508
29 5.47472 0.0220301
30 5.57308 0.0222074
31 5.65868 0.0229591
32 5.74108 0.0222447
33 5.82138 0.021862
34 5.91138 0.0227038
35 5.99201 0.0236561
36 6.06308 0.0245922
37 6.14754 0.0253016
38 6.22945 0.0255669
39 6.31827 0.025404
40 6.39228 0.0252601
41 6.46444 0.0253094
42 6.54267 0.0264152
43 6.63163 0.0276769
44 6.71226 0.0281405
45 6.78016 0.0278893
46 6.87034 0.0290037
47 6.94427 0.0294529
48 7.00718 0.0283319
49 7.08755 0.0290268
50 7.15115 0.028882
51 7.22257 0.0295304
52 7.28929 0.0295891
53 7.34308 0.0304793
54 7.4124 0.0313637
55 7.47655 0.0316561
56 7.53722 0.0325299
57 7.59711 0.0333191
58 7.65784 0.0337034
59 7.72784 0.0351797
60 7.79038 0.0353288
61 7.85285 0.0364063
62 7.91845 0.036318
63 7.97546 0.0374575
64 8.03994 0.0375198
65 8.10029 0.036262
66 8.16169 0.0363178
67 8.22847 0.0373399
68 8.28399 0.0380926
69 8.33873 0.0390067
70 8.4038 0.039671
71 8.46297 0.0390199
72 8.53071 0.0390165
73 8.58821 0.0391112
74 8.64192 0.0402324
75 8.70926 0.0409397
76 8.76937 0.0425878
77 8.82237 0.0423306
78 8.88532 0.042997
79 8.93688 0.0428767
80 8.98692 0.0433559
81 9.04609 0.044465
82 9.10452 0.0441843
83 9.16035 0.0448293
84 9.20118 0.0441039
85 9.24498 0.0439436
86 9.3011 0.0450981
87 9.35463 0.0441258
88 9.4041 0.0446921
89 9.45648 0.045589
90 9.51034 0.045916
91 9.5623 0.0468484
92 9.61302 0.0471495
93 9.65977 0.047812
94 9.71404 0.0480569
95 9.76851 0.0479067
96 9.81801 0.0474731
97 9.86868 0.0479574
98 9.91834 0.0475731
99 9.97237 0.0473662
