1 1 0
2 1.41634 0.00369879
3 1.73617 0.00629027
4 1.99984 0.00695434
5 2.23619 0.00813007
6 2.45011 0.00966017
7 2.64068 0.0112236
8 2.82317 0.0111646
9 3.00039 0.0112607
10 3.16072 0.0112775
11 3.31551 0.0123445
12 3.46027 0.0124481
13 3.59819 0.013368
14 3.73029 0.0135138
15 3.8615 0.0154388
16 3.98909 0.0163749
17 4.11146 0.0160295
18 4.22278 0.0179944
19 4.33568 0.0192096
20 4.45249 0.0207596
21 4.5669 0.0203354
22 4.67052 0.0185733
23 4.77224 0.0202674
24 4.86425 0.0203031
25 4.97215 0.0200646
26 5.07746 0.0190909
27 5.17724 0.0188722
28 5.2623 0.0186072
29 5.35557 0.0188278
30 5.44264 0.0187612
31 5.53266 0.0193688
32 5.61827 0.0201147
33 5.70997 0.020204
34 5.7952 0.0189673
35 5.88035 0.019389
36 5.96226 0.019822
37 6.05331 0.0206865
38 6.1353 0.0217793
39 6.21979 0.0211111
40 6.29936 0.0226792
41 6.38233 0.0236121
42 6.46226 0.0239724
43 6.54091 0.024834
44 6.61439 0.0263374
45 6.6849 0.0280597
46 6.75937 0.0271242
47 6.82567 0.0271696
48 6.89218 0.0280371
49 6.96675 0.0272845
50 7.03952 0.0275845
51 7.11278 0.0277139
52 7.17801 0.0286494
53 7.24293 0.0287794
54 7.31953 0.0280573
55 7.38789 0.0284963
56 7.46031 0.0274204
57 7.51436 0.0280661
58 7.57484 0.0279102
59 7.64007 0.0293261
60 7.70371 0.0291041
61 7.76616 0.0295505
62 7.82426 0.0291135
63 7.88806 0.0279203
64 7.95338 0.0275445
65 8.01625 0.0275414
66 8.07409 0.0290377
67 8.13878 0.0279733
68 8.19351 0.0277818
69 8.26653 0.0283961
70 8.32443 0.0289792
71 8.38646 0.0303047
72 8.44438 0.0310766
73 8.5016 0.0305107
74 8.57121 0.0302817
75 8.62734 0.0306076
76 8.68066 0.0303101
77 8.74566 0.0302273
78 8.80699 0.0311876
79 8.86224 0.0327252
80 8.91431 0.0333733
81 8.97089 0.0325539
82 9.02556 0.0329205
83 9.08364 0.0325486
84 9.14132 0.0329974
85 9.18954 0.0332672
86 9.23233 0.0346826
87 9.29899 0.0349154
88 9.34266 0.0351048
89 9.39179 0.0353925
90 9.44395 0.0358151
91 9.49843 0.037826
92 9.54845 0.0376655
93 9.60206 0.0386112
94 9.65408 0.0387534
95 9.70226 0.0391214
96 9.75273 0.039916
97 9.80014 0.0401137
98 9.84664 0.0407797
99 9.90404 0.0410437
100 9.95149 0.039976
