1 1 0
2 1.41584 0.00403795
3 1.73171 0.00569524
4 1.99276 0.00683336
5 2.23714 0.00857245
6 2.44757 0.00883367
7 2.64277 0.00946862
8 2.82211 0.0105685
9 2.98871 0.00972428
10 3.15378 0.0114716
11 3.30919 0.0116825
12 3.44436 0.0133758
13 3.58199 0.0141075
14 3.71601 0.0152779
15 3.83762 0.0160624
16 3.96525 0.0161373
17 4.09933 0.0158622
18 4.23125 0.0165945
19 4.34177 0.0170509
20 4.46168 0.0160482
21 4.57873 0.0164431
22 4.68755 0.0172148
23 4.79698 0.0184041
24 4.89859 0.0190781
25 4.99633 0.019024
26 5.09136 0.0181074
27 5.20117 0.0184224
28 5.30846 0.0193025
29 5.3881 0.0195912
30 5.47704 0.0214972
31 5.57529 0.0221763
32 5.66096 0.0231698
33 5.74318 0.0225598
34 5.82345 0.0217877
35 5.91352 0.0228907
36 5.99436 0.0235948
37 6.06549 0.025002
38 6.15015 0.0252773
39 6.23194 0.0262134
40 6.32075 0.0257562
41 6.39464 0.0259481
42 6.46674 0.0262397
43 6.54496 0.0282705
44 6.63448 0.0278892
45 6.71517 0.0283145
46 6.78273 0.0293395
47 6.87302 0.0307775
48 6.94701 0.031236
49 7.00962 0.0303965
50 7.09007 0.0312
51 7.15355 0.0314188
52 7.22532 0.0308281
53 7.29184 0.0317878
54 7.34561 0.0334496
55 7.41518 0.0338274
56 7.47944 0.0337906
57 7.54021 0.0349059
58 7.60028 0.0355172
59 7.66118 0.0353883
60 7.73132 0.0374603
61 7.79368 0.0383909
62 7.8562 0.0400444
63 7.92173 0.0400539
64 7.97866 0.0423308
65 8.04329 0.0417729
66 8.10361 0.0394606
67 8.16492 0.0398727
68 8.23186 0.0409929
69 8.28745 0.0419875
70 8.34236 0.0428519
71 8.40757 0.0434014
72 8.46667 0.0424019
73 8.53435 0.0425542
74 8.59202 0.0419018
75 8.64586 0.0433666
76 8.71319 0.0446286
77 8.77342 0.0470402
78 8.82649 0.0462173
79 8.88935 0.0476764
80 8.94106 0.0467984
81 8.99109 0.047608
82 9.05042 0.0489437
83 9.10892 0.04805
84 9.16493 0.0484429
85 9.2057 0.0472245
86 9.24957 0.0465661
87 9.3057 0.0485838
88 9.35907 0.0473119
89 9.40866 0.0477777
90 9.46109 0.0492088
91 9.51527 0.0483929
92 9.56749 0.0490398
93 9.6184 0.0487604
94 9.66521 0.0497155
95 9.71965 0.0494227
96 9.77408 0.0491664
97 9.82374 0.0474972
98 9.87453 0.0478503
99 9.92404 0.0475833
100 9.97806 0.0470807
