#   GENERATION   BEST_LENGTH     BEST_HALF       STD_DEV
             1       34.2002       39.6707        1.7132
             2       33.1939       37.9105       1.84628
             3       32.8903       36.8113       1.65257
             4       29.8522       35.0201       1.59483
             5       28.4539       33.8667       1.65872
             6       27.8427         32.02       1.88018
             7       27.6497        30.546       1.72012
             8       27.6497       29.9458       1.65854
             9       25.9805       29.2533       1.54841
            10       25.8695       28.9726       1.56947
            11       25.4989       28.1098       1.46095
            12       24.7986       27.8416       1.47237
            13       24.5151        27.089       1.39678
            14       21.9147       26.4972       1.54158
            15       21.9147       24.9348       1.64192
            16       21.5657       24.1001       1.81237
            17       21.5657        24.004       1.87196
            18       21.5657       24.4966       1.96324
            19       21.5657       23.8122       1.55319
            20       21.5044       23.7234        1.4475
            21       21.2649       23.5899       1.63566
            22       21.0642       23.2196        1.4314
            23       21.0642       23.0453       1.46733
            24       20.8543       23.0188       1.47765
            25       20.8512       22.9291       1.37932
            26       20.1237        22.915       1.60827
            27       20.1237       23.4616       1.72404
            28       19.7715       22.2992       1.39448
            29       19.7715       21.5751       1.35229
            30       19.7106       20.7753       1.14593
            31       19.0643        20.687      0.958664
            32       19.0643        20.617       1.10784
            33       19.0275       20.5555       1.07868
            34       18.5828       20.1879       1.10406
            35       18.2593        20.199       1.17421
            36       18.2593       20.4017       1.51627
            37       17.9013       20.2807        1.4067
            38       17.9013       20.4529       1.74785
            39       17.7624        19.733       1.44672
            40       17.7624       19.3997       1.51192
            41       17.7624        18.902       1.12574
            42       17.7624       18.5764      0.837115
            43       17.7624       18.6521      0.884155
            44       17.5549       19.0318       1.20271
            45        16.488       18.8528       1.31344
            46        16.488       18.7813       1.30494
            47        16.488       18.9552       1.30118
            48        16.488       18.5092       1.48496
            49        16.488       18.1262       1.46415
            50       15.9784        17.556       1.14206
            51       15.9784       17.6507       1.23361
            52       15.7687       17.6435       1.19552
            53       15.4858        17.191       1.09639
            54       15.4548       17.2455       1.13528
            55       15.4548       17.2466       1.46598
            56       15.3385       17.4906       1.51541
            57       15.3385       17.0395       1.34547
            58       15.2153       17.0421       1.49481
            59       15.1741       16.6471       1.33952
            60       15.1741       16.0781       1.06636
            61       15.0194       16.1755        1.0253
            62       15.0194       16.2036       1.13118
            63        14.682       16.5786       1.35768
            64        14.682       16.8209        1.4324
            65        14.682       16.3539       1.48061
            66        14.682       15.7647       1.26819
            67        14.682        15.766       1.32465
            68        14.682       15.7981       1.32753
            69        14.682       15.2931      0.772133
            70        14.682       15.7526       1.03285
            71       14.6818       15.7571       1.12319
            72       14.4739       15.8017       1.05548
            73       14.4739       15.9474       1.26557
            74       14.4739       15.7597       1.16727
            75       14.1223       15.3472      0.933668
            76       13.8975       15.7516       1.30568
            77       13.8975       15.8962       1.52417
            78       13.8538       15.8259       1.60856
            79       13.8538       15.8105       1.67947
            80       13.3546       15.9081       1.72602
            81       13.3109       15.0584       1.52628
            82       13.3109       14.5813        1.4237
            83       13.3109       14.5635       1.25861
            84       13.2236       14.1755       1.05327
            85       13.2236       14.7316       1.37523
            86       13.1003       14.4436       1.22373
            87       13.0567       13.7713      0.810576
            88       13.0214       14.0073       1.20691
            89       13.0214       14.2843       1.33795
            90       13.0214       14.0588       1.15329
            91       12.9739       14.1796       1.21028
            92       12.9739        13.889       1.07917
            93       12.9739       14.5878       1.35091
            94       12.9739       14.6813       1.32819
            95       12.9739       14.7489       1.30249
            96       12.9739       14.6586       1.39005
            97       12.9739       14.5192       1.30971
            98       12.9739       14.8563       1.44784
            99       12.9739       14.8914       1.69125
           100       12.5951       14.1257       1.25561
           101       12.5942       13.5946      0.982394
           102       12.4511       13.9091       1.21357
           103       12.4511       14.3835       1.47594
           104       12.4501       14.7116       1.71562
           105       11.2436       14.1044       1.54312
           106       11.2436       13.1833       1.35998
           107       11.2436       13.1063       1.40195
           108       11.2436       13.5152       1.55302
           109       11.2436       12.7091       1.45321
           110       11.2436       12.8025        1.7262
           111       11.2436        13.308       1.81415
           112       10.4258       13.3477       1.83888
           113       10.4258       13.2145       1.53446
           114       10.1982        13.301       1.44444
           115       9.12866       13.2708       1.49026
           116       9.12866       12.5475       1.89627
           117       9.12769       12.1136       1.89617
           118       9.12769       11.5313       1.85813
           119       9.12769       10.9711       1.63191
           120       9.12769         11.39       2.00703
           121       8.89073       11.4024       1.79985
           122       8.89073       11.6483       1.93578
           123       8.89073       10.9728       1.68591
           124       8.89073       10.2239       1.52532
           125       8.89073       9.86582       1.42303
           126       8.89073       10.3675       1.51956
           127       7.81825       10.1207       1.49091
           128       7.81825       9.71284       1.53265
           129       7.81825       9.49438       1.41754
           130       7.81825       9.25085       1.38396
           131       7.81825       8.87808       1.07814
           132       7.81825       8.59529      0.908544
           133       7.78898       9.37228       1.56472
           134       7.78898       9.68572       1.69442
           135       7.78898       9.13311       1.65468
           136       7.78898       9.24561        1.7395
           137       7.78898       8.77125       1.36267
           138       7.74298       8.66958       1.19591
           139       7.74298       8.85032       1.24503
           140       7.72135       9.50166       1.75802
           141       7.72102       9.30399       1.75885
           142       7.72102       8.99323       1.45233
           143       7.72102       8.84922       1.35544
           144         7.712       9.25796       1.49237
           145         7.712       9.16693        1.3421
           146       7.36097       9.25198       1.33174
           147       6.88047       9.61147       1.38849
           148       6.88047       9.51773       1.67057
           149       6.88047       9.76708       2.33203
           150       6.88047        9.1461       2.11673
           151       6.88047       8.79537       1.77325
           152       6.88047       8.37296       1.92026
           153       6.88047       8.78015       1.80912
           154       6.63973       9.08872       1.69738
           155       6.63973       9.43197        1.7589
           156       6.63973       9.46891       1.91417
           157       6.63973       9.89953       1.89662
           158       6.63973       9.62856       2.00852
           159       6.63973       8.53793       2.00231
           160       6.63973       8.42499        1.9299
           161       6.63973       8.38004        1.7979
           162       6.63973       8.96265       2.05818
           163       6.63973       8.63287       2.06159
           164       6.63973       8.66744        1.7118
           165       6.63973       8.49756        1.6391
           166       6.50035       8.03675       1.53138
           167       6.50035        9.2187       1.62595
           168       6.50035       9.16006       1.76881
           169       6.50035       8.77841       1.91787
           170       6.50035       8.53066       1.96599
           171       6.50035        7.7197       1.27423
           172       6.50035       7.80759       1.46315
           173       6.50035       7.67575       1.49372
           174       6.50035       8.60405       1.90531
           175       6.50035       7.94636       1.75644
           176       6.50035       7.40827       1.27595
           177       6.50035       7.84789       1.49846
           178       6.50035       7.65551       1.31008
           179       6.50035       7.54406       1.23377
           180       6.50035       7.54347       1.15813
           181       6.50035       7.15662      0.963115
           182       6.50035       6.77084      0.434123
           183       6.50035       6.87948      0.571995
           184       6.50035       7.42237       1.08158
           185       6.50035       7.75403       1.26437
           186       6.50035       7.34914       1.00493
           187       6.50035       7.74507       1.33189
           188       6.50035       7.84966       1.56088
           189       6.50035       8.26951       1.56569
           190       6.50035       7.59892       1.20082
           191       6.50035       8.28433       1.55832
           192       6.50035       8.53619       1.70793
           193       6.50035       8.21271       1.53515
           194       6.50035       8.35316       1.62345
           195       6.50035       8.09885       1.56447
           196       6.50035       7.70863       1.50392
           197       6.50035       7.82697        1.6709
           198       6.50035        6.9966      0.873706
           199       6.50035        7.5344       1.25688
           200       6.50035       7.31349       1.29878
           201       6.50035       7.62769       1.38782
           202       6.50035       7.72803       1.43962
           203       6.50035       8.04509       1.67681
           204       6.50035       7.98449        1.5222
           205       6.50035       7.96081       1.52032
           206       6.50035       8.12672       1.74903
           207       6.50035       7.07922      0.926879
           208       6.50035       6.90775      0.764992
           209       6.50035       6.79447      0.634984
           210       6.50035       7.72715       1.34672
           211       6.50035         8.038       1.52258
           212       6.50035       8.48078        1.7317
           213       6.50035       8.43448       1.53508
           214       6.50035       8.39181       1.52595
           215       6.50035       8.33536       1.48333
           216       6.50035       8.68403       1.85432
           217       6.50035       8.50391       1.98901
           218       6.50035       7.64234       1.42285
           219       6.50035       7.18874       1.01464
           220       6.50035       6.91277      0.714046
           221       6.50035         6.724      0.600578
           222       6.50035       7.03747      0.910234
           223       6.50035        6.7394      0.729172
           224       6.50035       6.99184      0.909794
           225       6.50035       7.77274       1.51739
           226       6.50035       7.22686       1.11394
           227       6.50035       7.66705       1.35575
           228       6.50035       7.43302        1.2172
           229       6.50035       7.15043      0.921112
           230       6.50035       7.12606        1.0767
           231       6.50035       7.59506       1.36659
           232       6.50035       8.44479       2.09666
           233       6.50035       8.16969       2.00087
           234       6.50035       7.56892       1.39149
           235       6.50035       7.86263        1.5143
           236       6.50035       7.42836       1.29278
           237       6.50035       8.36562       1.70131
           238       6.50035       9.01587       1.77964
           239       6.33322       8.88191       2.06395
           240       6.33322       8.37107       1.99317
           241       6.33322        7.4965       1.49621
           242       6.33322       7.47739       1.60743
           243       6.33322       7.56881       1.66688
           244       6.33322       7.73212       1.65116
           245       6.33322       7.52337       1.52034
           246       6.33322       7.43439       1.42152
           247       6.33322       7.61325       1.56336
           248       6.33322       7.66674       1.52033
           249       6.33322       7.18929       1.29728
           250       6.33322       6.94205       1.03043
           251       6.28554       6.70033      0.794804
           252       6.28554        6.6798      0.800263
           253       6.28554       7.63016        1.5176
           254       6.28554       8.20883       1.69174
           255       6.28554       8.06689        2.0754
           256       6.28554       7.71604       1.61861
           257       6.28554       7.61192       1.77173
           258       6.28554        7.5745       1.56247
           259       6.28554       7.70491       1.67841
           260       6.28554       8.88455       2.16967
           261       6.28554       8.69534       2.23596
           262       6.28554       8.59243       2.30658
           263       6.28554       8.58502       2.09696
           264       6.28554       7.94809        1.7904
           265       6.28554       7.91159       1.65476
           266       6.28554       7.27991       1.32082
           267       6.28554       7.63005       1.58203
           268       6.28554       7.47797       1.53836
           269       6.28554       8.17063       1.99578
           270       6.28554       7.69707       1.61865
           271       6.28554       7.56629       1.46361
           272       6.28554       7.37044       1.35181
           273       6.28554       7.81002       1.48802
           274       6.28554       8.52999       2.01155
           275       6.28554       8.06872        1.7981
           276       6.28554       8.09024       1.72257
           277       6.28554       7.94936       1.56406
           278       6.28554       8.00671       1.83344
           279       6.28554       8.18898       1.74725
           280       6.28554       7.90382       1.91259
           281       6.28554       7.65564       1.69823
           282       6.28554       7.24011       1.38259
           283       6.28554       6.85904       1.06281
           284       6.28554       7.21588       1.47611
           285       6.28554       7.83291       1.80012
           286       6.28554       7.31988       1.36546
           287       6.28554       7.70547       1.74139
           288       6.28554       7.33309       1.37797
           289       6.28554       7.47407       1.41589
           290       6.25349       6.78303      0.951703
           291       6.25349       7.56126       1.43955
           292       6.25349       7.25464       1.36442
           293       6.25349       7.62429       1.64962
           294       6.25349       7.59998       1.55412
           295       6.25349       7.46916       1.34842
           296       6.25349       7.53703       1.50635
           297       6.25349       7.98272       1.55061
           298       6.25349       8.96501        1.8682
           299       6.25349       8.38946       2.19251
           300       6.25349       7.52231       1.63864
           301       6.25349        7.2758        1.4719
           302       6.25349       7.29016       1.45109
           303       6.25349       7.87326       1.77527
           304       6.25349       7.99147       1.72511
           305       6.25349       7.86737       1.53834
           306       6.25349       8.61079       1.67401
           307       6.25349        8.6144       1.91861
           308       6.25349       8.37017       1.72481
           309       6.25349       8.24283       1.75847
           310       6.25349       8.01152       1.99587
           311       6.25349       7.52927       1.45066
           312       6.25349       8.41059       1.87663
           313       6.25349       7.49487       1.39011
           314       6.25349       7.17541       1.26017
           315       6.25349        8.1033        1.8691
           316       6.25349       7.83338       1.64969
           317       6.25349       8.76041       2.06868
           318       6.25349        8.8668       2.28816
           319       6.25349        8.2926       1.83848
           320       6.25349       7.80533       1.53964
           321       6.25349       7.54729       1.32461
           322       6.25349       7.38168       1.22852
           323       6.25349       7.42222         1.415
           324       6.25349         7.206       1.29704
           325       6.25349       8.33047       2.16793
           326       6.25349        8.4458       2.13889
           327       6.25349       8.31144       1.85356
           328       6.25349       8.12398       1.95203
           329       6.25349       7.92839       1.70675
           330       6.25349       8.21867       1.64199
           331       6.25349       8.40041       1.83497
           332       6.25349       7.93833       1.69691
           333       6.25349       8.51029       2.22695
           334       6.25349       7.89438       1.61212
           335       6.25349       8.40962       1.96542
           336       6.25349       9.41015       2.40573
           337       6.25349        9.5072       2.37856
           338       6.25349        8.5286       1.73952
           339       6.25349       8.31115       1.71453
           340       6.25349       8.65981        1.8206
           341       6.25349       9.03999       2.29623
           342       6.25349       8.26188       2.17428
           343       6.25349       8.58041        1.7399
           344       6.25349       8.81151       1.81172
           345       6.25349       8.00554       1.54101
           346       6.25349       8.73351       1.90329
           347       6.25349       8.38259       1.59996
           348       6.25349       8.63653       1.78318
           349       6.25349       7.67219       1.75848
           350       6.25349       7.68145       1.84795
           351       6.25349       7.35349       1.51565
           352       6.25349       8.51893        2.1165
           353       6.25349       7.90394        1.7756
           354       6.25349       8.22115       1.57417
           355       6.25349       7.89195       1.77047
           356       6.25349       7.13938       1.36605
           357       6.25349        7.0755       1.16401
           358       6.25349       7.21327       1.26035
           359       6.25349       7.33221       1.37604
           360       6.25349       7.02888       1.10463
           361       6.25349       6.63033      0.665297
           362       6.25349       7.10331       1.23596
           363       6.25349       7.59421       1.63999
           364       6.25349       7.05387       1.28713
           365       6.25349       6.92179       1.19245
           366       6.25349       7.55344       1.63779
           367       6.25349       7.08841       1.18475
           368       6.25349       7.21962       1.01521
           369       6.25349       7.31128       1.30875
           370       6.25349       7.37034       1.34779
           371       6.25349       7.71941       1.54954
           372       6.25349       6.88019       1.09526
           373       6.25349        6.8092       1.06411
           374       6.25349       6.87565       1.15322
           375       6.25349        7.0176       1.28051
           376       6.25349       7.32866       1.60032
           377       6.25349       8.56501       2.18142
           378       6.25349       8.04952       1.84267
           379       6.25349       7.81203        1.5845
           380       6.25349       8.28836       1.99641
           381       6.25349       8.04261       1.75174
           382       6.25349       8.41057       1.87227
           383       6.25349       8.61205       2.18692
           384       6.25349       8.47624        2.2203
           385       6.25349       8.41635       1.83621
           386       6.25349       8.54445       1.96944
           387       6.25349        7.7495       1.54071
           388       6.25349       8.16577       1.65203
           389       6.25349       8.10334       1.39809
           390       6.25349       8.11027       1.67683
           391       6.25349       8.19767       1.70089
           392       6.25349       8.10286       1.81791
           393       6.25349       8.59871       2.22367
           394       6.25349       8.26255       1.87186
           395       6.25349       7.99431       1.72353
           396       6.25349       7.67872       1.41636
           397       6.25349       7.91815        1.4958
           398       6.25349       7.63394       1.32206
           399       6.25349       7.71122        1.4323
           400       6.25349       7.51308       1.48037
           401       6.25349       7.36308       1.20362
           402       6.25349       7.08898       1.28454
           403       6.25349       6.93101       1.06575
           404       6.25349       6.87157       1.07434
           405       6.25349       7.28682       1.21233
           406       6.25349       7.50375       1.49225
           407       6.23127        7.5433       1.54044
           408       6.23127       7.64826       1.66188
           409       6.23127       7.79446       1.55126
           410       6.23127       8.18351       1.91327
           411       6.23127       7.36047       1.54815
           412       6.23127       6.91601       1.14132
           413       6.23127       6.81399       1.10063
           414       6.23127       7.10796       1.36233
           415       6.23127       7.00981       1.14779
           416       6.23127       7.27355       1.12396
           417       6.23127       6.87985      0.899395
           418       6.23127       6.97933       1.12623
           419       6.23127       6.52237      0.587114
           420       6.23127        7.0672         1.286
           421       6.23127       6.53069      0.698632
           422       6.23127       7.29493       1.35996
           423       6.23127       7.71818        1.8436
           424       6.23127       7.93328       1.75091
           425       6.23127       8.14239       1.75778
           426       6.23127       8.48991       1.86267
           427       6.23127       8.63944        1.7898
           428       6.23127       8.37715       1.73649
           429       6.23127       8.04322       1.64515
           430       6.23127       7.44775       1.47765
           431       6.23127       7.35854       1.49655
           432       6.23127        7.4494        1.6639
           433       6.23127       7.01832        1.1487
           434       6.23127       7.56842       1.49709
           435       6.23127       7.61432       1.74279
           436       6.23127       8.05983       1.71174
           437       6.23127       7.73736       1.71368
           438       6.23127       7.32146       1.43389
           439       6.23127       7.18862       1.36399
           440       6.23127       6.69641       0.87861
           441       6.23127       6.47106      0.564088
           442       6.23127       7.46815       1.54676
           443       6.23127       6.96835       1.26889
           444       6.23127       6.88114        1.0384
           445       6.23127       7.15818       1.30679
           446       6.23127       7.18103       1.12972
           447       6.23127       6.93821       1.13074
           448       6.23127       6.80846       1.02516
           449       6.23127       6.59531      0.807157
           450       6.23127       7.79311       1.78325
           451       6.23127       7.67142       1.67993
           452       6.23127        7.9054       1.96665
           453       6.23127       8.59994       1.94586
           454       6.23127       7.79352       1.66862
           455       6.23127       7.72159       1.48821
           456       6.23127       7.73821       1.67894
           457       6.23127       7.47273       1.51944
           458       6.23127         6.786      0.750632
           459       6.23127       7.18725       1.18715
           460       6.23127       6.88718       1.02144
           461       6.23127       7.56729       1.50401
           462       6.23127       7.94178       1.52423
           463       6.23127       7.29015       1.42054
           464       6.23127        7.8238       1.76343
           465       6.23127       7.51273       1.55483
           466       6.23127       7.47427       1.46811
           467       6.23127       7.40992       1.42946
           468       6.23127       8.08813       1.87794
           469       6.23127       8.09506       1.66711
           470       6.23127       8.03069       1.88412
           471       6.23127       9.56713       2.24687
           472       6.23127       8.73154       1.70562
           473       6.23127       7.96556       1.74011
           474       6.23127       7.69133       1.58992
           475       6.23127       7.53821        1.5701
           476       6.23127       7.47137       1.50634
           477       6.23127       7.26848       1.35625
           478       6.23127        7.8092       1.49037
           479       6.23127       7.86183       1.67286
           480       6.23127       8.65626       2.00233
           481       6.23127       8.46211       2.05987
           482       6.23127       8.21012       1.78293
           483       6.23127       8.81734       2.10358
           484       6.23127       9.37972       2.11526
           485       6.23127        9.6758       1.98351
           486       6.23127        9.9995       2.16089
           487       6.23127       8.92692       2.06882
           488       6.23127       8.04986       1.81169
           489       6.23127       8.40391       1.65394
           490       6.23127       7.97993       1.57131
           491       6.23127       8.02953       1.71866
           492       6.23127        7.5254       1.53436
           493       6.23127       8.77618       2.31694
           494       6.23127       7.63722       1.65135
           495       6.23127       8.29228       1.75248
           496       6.23127       8.63653       1.96874
           497       6.23127       7.42049       1.20752
           498       6.23127       7.58306       1.68942
           499       6.23127       7.62342       1.59375
           500       6.23127       7.50451       1.49582
