# CITIES_ORDER   PATH_LENGTH
             1       6.23127
             1
            29
            13
             6
            12
            28
             5
            17
            18
            32
            33
             2
            31
            20
            27
            30
            25
             4
             3
            15
            19
             9
            21
            11
            16
             8
            22
             7
            34
            24
            23
            14
            26
            10
