# CITIES_ORDER   PATH_LENGTH
             1       9.99609
             1
             9
            20
             3
            19
            16
            21
            14
            22
            13
            25
            32
            34
            33
            31
            17
            18
             7
            27
            12
             4
            24
             2
             8
            11
            29
             5
             6
            28
            26
            30
            10
            23
            15
