#   GENERATION   BEST_LENGTH     BEST_HALF       STD_DEV
             1       31.3741       34.7366       1.40936
             2       31.1814       33.6462       1.24894
             3        30.165       32.5648       1.02993
             4       29.4901       31.8465       1.02723
             5       27.5708       31.1448       1.32947
             6       27.3033       29.9355       1.41849
             7       26.6178       28.7687       1.15178
             8       25.1874       28.3386       1.17469
             9       24.7153       27.5527        1.4429
            10       24.4172       27.1949       1.46162
            11       23.9935       26.3595       1.29978
            12       23.9935       26.0511       1.17208
            13        23.308        25.275       1.11023
            14        23.308       24.7255      0.907971
            15       23.2511       24.0102      0.467544
            16        22.423       24.1104      0.832623
            17       21.4646       24.5674       1.18482
            18       21.4646       24.3512       1.09533
            19       20.2818       23.8952       1.23382
            20       20.2818        23.375       1.48853
            21       19.4761       23.2857       1.60011
            22       19.4761       22.1031       1.60067
            23       19.4761       21.7938       1.28004
            24       19.4761       21.3603       1.34586
            25       19.1157        20.434      0.921252
            26       19.1157       20.6429      0.853021
            27       19.1157       20.9795       1.13731
            28       18.4925       20.4806        1.1509
            29       18.4925       19.9077       1.02659
            30       18.3207       19.7165       1.02863
            31       18.2139         19.88       1.04582
            32       18.1523       19.4105         1.067
            33        17.989       19.1415      0.873317
            34       17.3076       18.8947      0.859252
            35         16.42       19.0905       1.10644
            36         16.42       19.0298         1.116
            37         16.42       18.5646       1.21599
            38       16.1671         18.44       1.22276
            39       16.1671       18.2262       1.34795
            40       16.1671       18.0267       1.29382
            41       15.8872       17.2223       1.08955
            42       15.8872       16.6672      0.673315
            43       15.8872       16.5603      0.657828
            44       15.8872       16.7605      0.850524
            45       15.8872       16.6491        0.8299
            46       14.9313        16.923        0.8786
            47       14.9313       17.0193      0.980436
            48       14.9313       16.6909       1.01916
            49       14.9114       16.3202       1.03726
            50       14.9057       16.1651       1.08999
            51       14.9057       16.1845       1.02787
            52       14.9057       16.2902       1.08949
            53       14.7505       16.2321       1.20489
            54       14.7505       15.9462       1.13558
            55       14.5325       16.1517       1.32891
            56       14.5268       16.3639       1.29759
            57       14.3717       16.2434       1.53102
            58       14.3246       15.6231       1.14719
            59       14.3246       15.3157        1.0805
            60       14.3246        15.106      0.962272
            61       14.3177        14.903      0.660816
            62       14.3177       15.4248       1.04165
            63       14.3177       15.5181      0.963937
            64       14.3177       15.7127      0.994849
            65       14.3177       15.4695      0.975881
            66       14.3177       15.0274      0.789535
            67       14.3177        15.562        1.0325
            68       14.3177       15.5953       1.06526
            69       14.3177       15.4436      0.928389
            70       14.3177        15.491      0.945206
            71        14.305       15.3597      0.876118
            72       14.1568       15.0219      0.808136
            73       13.8107       14.7495      0.704093
            74       13.8107       14.7106      0.757456
            75       13.7979       14.9321      0.877686
            76       13.7979       14.7133      0.730831
            77       13.7979       15.0018      0.902917
            78       13.7979       15.2766       1.22927
            79       13.7979       15.2119       1.20603
            80       13.7979        15.273       1.15371
            81       13.7979       14.9327       1.14627
            82       13.7979       15.2938       1.26166
            83       13.4822       15.6482       1.50691
            84       13.4822       15.3623       1.26344
            85       13.4822       15.1986       1.31047
            86       13.4822       15.0675       1.10851
            87       13.4822       14.4804      0.824658
            88       13.4822       14.6432       1.05607
            89       13.4822       14.7426       1.08847
            90       13.4822       14.5094      0.845982
            91       13.4822       15.1324       1.11141
            92       13.4822       14.8417      0.920954
            93       13.4822       15.1863       1.22923
            94       13.4822       14.6482      0.979817
            95       13.4822       14.2282      0.655335
            96       13.4822        14.306      0.791213
            97       13.3758       14.5789       1.01399
            98       13.3758       14.4601      0.967003
            99       13.3758       14.9221       1.15799
           100       13.3086       14.5718       1.06934
           101       13.3086        14.001      0.735027
           102       13.3086       14.1834      0.881357
           103       13.3086       14.5265       1.04675
           104       13.2857       14.7176       1.42915
           105       13.2857       14.3625       1.15941
           106       13.1603       13.7848      0.724145
           107       13.1603       14.1039      0.865723
           108       13.1603        14.585       1.26186
           109       13.1603       14.0444        1.0093
           110       13.1603       13.8682      0.869101
           111       13.1603       14.1915      0.950668
           112       13.1603        14.342       1.22446
           113       13.1603       14.3738      0.999397
           114       13.1603       14.3754       1.14164
           115       13.1603       14.4836       1.24717
           116       13.0367       14.2325       1.18237
           117       13.0367        14.386      0.994958
           118       13.0367       14.2509       1.04265
           119       12.9117       14.2685        1.0707
           120       12.9049       14.5068       1.30738
           121       12.9049        14.373      0.981294
           122       12.9049       14.6256       0.97238
           123       12.9049       14.3071       1.09635
           124       12.9049       14.4628       1.16168
           125       12.9049       13.8254       1.00648
           126       12.9049       13.9353       1.01989
           127       12.9049        13.774      0.944584
           128       12.4106        13.791       1.01846
           129       12.4106       13.3538      0.820541
           130       12.4106       13.1738       0.73861
           131       12.4106       13.2299       0.85654
           132       12.4106       13.1324      0.687714
           133       12.4106       13.3412       0.92792
           134       12.4106       13.2868       1.05716
           135       12.4015       13.2442       1.05664
           136       12.4011       13.5747       1.14328
           137       12.3185       13.3809       1.04909
           138       12.2936       13.3657       1.04482
           139       12.2454       13.5576       1.23415
           140       12.2454       13.9965         1.328
           141       12.2454       13.6787       1.25068
           142       12.2358       13.2374      0.943703
           143       12.2358       14.0433       1.11157
           144       12.2358       14.0094       1.27944
           145       12.2263       13.3122       1.05198
           146       12.2263       12.9404      0.832533
           147       12.2263       12.8252      0.809332
           148       12.2263       12.8001      0.744796
           149       12.2263       12.8613      0.817045
           150       12.2263       13.0483      0.839372
           151       12.2263       13.4727       1.04071
           152       12.2263       13.4269       1.04459
           153       12.2263       13.6096       1.08191
           154       12.2263       13.1814      0.988253
           155       12.2263       13.0605      0.938379
           156       12.2263        12.877      0.703048
           157       12.2263       13.2664       1.01114
           158       12.2263       13.1693       1.08286
           159       12.2263       12.8157      0.854955
           160       12.2263       12.7301      0.701566
           161       12.0676       12.8307      0.826892
           162       12.0676       13.1408       1.02731
           163       12.0676       13.1787       1.15308
           164       12.0676       13.3198       1.05841
           165       12.0676       13.2185       1.00766
           166       12.0676       12.6989      0.796253
           167       12.0676       13.1846      0.978931
           168       12.0676        13.138       1.04155
           169       12.0676       12.8084      0.888553
           170       12.0676       12.7828      0.930139
           171       12.0676       12.4063      0.599798
           172       12.0676       12.6602      0.750263
           173       12.0676       12.8638      0.971952
           174       12.0676       13.4006       1.18761
           175       12.0676       13.1464       1.04418
           176       11.6688       12.9501       1.01117
           177       11.6688       12.9923       0.92148
           178       11.6107       12.6731      0.775007
           179       11.6107       12.6262      0.910308
           180       11.6107       12.3453       0.80462
           181       11.6107       12.0945      0.609794
           182       11.6107       11.7505      0.271945
           183       11.6107       11.8844      0.486143
           184       11.6107       12.3244       1.03353
           185       11.5226       11.9966      0.608465
           186       11.5226       11.9386      0.590408
           187       11.4624       12.0907      0.720626
           188       11.4624       12.5341       1.03553
           189       11.4624       12.7323       1.19582
           190       11.4624       12.2061      0.853745
           191       11.4624       12.3859      0.950796
           192       11.4624       12.8781       1.36871
           193       11.4624       12.6041       1.22374
           194       11.4624       12.6685       1.30721
           195       11.4624       12.8806       1.34958
           196       11.4624       12.4481       1.14407
           197       11.4624       12.7112       1.21539
           198        11.354       12.2528      0.894351
           199        11.354       12.5975       0.97429
           200        11.354       12.3224      0.938132
           201       11.1881       12.3367      0.930121
           202       11.1881       12.4049       1.03478
           203       11.1881       12.8354       1.09507
           204       11.1881       12.9094       1.11672
           205       11.1881       12.9378       1.23806
           206       11.1881       13.0608       1.39612
           207       11.1881       12.2498      0.995477
           208       11.1881       11.8825      0.832549
           209       11.1881         11.71      0.661595
           210       11.1881       11.9417      0.879719
           211       11.1881         11.58      0.640581
           212       11.1881          11.8      0.839501
           213       10.9778       11.7488      0.783817
           214       10.9778       11.6237      0.799359
           215       10.9778       11.6145      0.806423
           216       10.9778       12.0934       1.16627
           217       10.9778       11.8502       1.11335
           218       10.9778       11.3297      0.556656
           219       10.9778       11.0987      0.211703
           220       10.9778       11.0824      0.228296
           221       10.9778       11.0826      0.303006
           222       10.9778       11.2447      0.545723
           223       10.9778       11.1137      0.373448
           224       10.9778       11.4704      0.715776
           225       10.9778       11.9064       1.05196
           226       10.8758       11.7272      0.914411
           227       10.8758       12.1626       1.01918
           228       10.8758       11.7653      0.939911
           229       10.8758       11.6124      0.887519
           230       10.8758       11.4679      0.882922
           231       10.8758       11.6882      0.979431
           232       10.8758       12.1123       1.18699
           233       10.8758       11.7433       1.00977
           234       10.8758       11.3032      0.703582
           235       10.8758       11.6141       0.94507
           236       10.8758       11.3873      0.799823
           237       10.8758       12.1664       1.32596
           238       10.8758       12.5034       1.24087
           239       10.8758       12.3938       1.34519
           240       10.8758       12.3152       1.34805
           241       10.8758       11.7669       1.11934
           242       10.8758       11.9232       1.37988
           243       10.8758       11.8402       1.20014
           244       10.8758       12.1472       1.38647
           245       10.8758        11.921        1.1638
           246       10.8758        11.843        1.0366
           247       10.8758       11.9758       1.21539
           248       10.8758       11.8029       1.09358
           249       10.8758        11.431       0.81525
           250       10.8758       11.2419      0.650933
           251       10.8758       11.2032      0.671718
           252       10.8758       11.1011      0.483701
           253       10.8758       11.8157        1.0242
           254       10.8758       12.1878       1.23807
           255       10.8758        11.897       1.20304
           256       10.8758       11.7095      0.924088
           257       10.8758       11.7898       1.03378
           258       10.8758       11.6364       1.05588
           259       10.8758       11.5966      0.962569
           260       10.8758        12.306       1.36679
           261       10.8758       12.1195       1.24622
           262       10.8758       11.8747       1.11993
           263       10.6617       11.8295       1.07702
           264       10.6617       11.5403      0.923216
           265       10.4515       11.7184       1.06238
           266       10.4515       11.1473      0.833775
           267       10.4515       11.6422         1.284
           268       10.4515       11.6005       1.27491
           269       10.4515       11.7391       1.32253
           270       10.4515       11.6501       1.20868
           271       10.4515       11.3817      0.993125
           272       10.4515        11.373       1.04545
           273       10.4515       11.6801       1.12201
           274       10.4515       12.0469       1.32466
           275       10.4515       11.6025       1.30667
           276       10.4515       11.7031       1.22384
           277       10.4515       11.6968       1.11889
           278       10.4515       11.8407       1.39126
           279       10.4515       11.5598       1.11479
           280       10.4515       11.4177       1.06863
           281       10.4515        11.288       1.00371
           282       10.3936       11.1773      0.989895
           283       10.3936        10.978      0.813186
           284       10.3936       11.1157      0.927534
           285       10.3936        11.342       1.06755
           286       10.3936       11.1159      0.927595
           287       10.3936       11.2883       1.13819
           288       10.3936       10.9168       0.75608
           289       10.3936       10.9789      0.729632
           290       10.3936       10.6816      0.525441
           291       10.3936       11.0296      0.806811
           292       10.3936       11.0611      0.911666
           293       10.3936       11.6417        1.3448
           294       10.3936       11.5269       1.28683
           295       10.3936       11.3194        1.0049
           296       10.3936       11.3052       1.04784
           297       10.3936       11.3659      0.977204
           298       10.3936       11.9186       1.20945
           299       10.3936       11.7085       1.41339
           300       10.3936       11.2706       1.04878
           301       10.3936       10.9432      0.815582
           302       10.3936       10.9408      0.824176
           303       10.3936       11.4558        1.0754
           304       10.3936       11.5067       1.20578
           305       10.3936       11.6049       1.31225
           306       10.3936       11.7219       1.14267
           307       10.3936       11.5865       1.24616
           308       10.3936       11.5635       1.29712
           309       10.3936       11.5282       1.17391
           310       10.3936       11.6233        1.4306
           311       10.3936       11.2173       1.03208
           312       10.3936       11.8617       1.36387
           313       10.3936       11.3769       1.15621
           314       10.3936       11.2402       1.00491
           315       10.3936       11.8399       1.27698
           316       10.3936       11.4228       1.13736
           317       10.3936       11.8732       1.35557
           318       10.3936       11.7115       1.37052
           319       10.3936        11.325       1.01834
           320       10.3936       11.0996      0.859997
           321       10.3936       11.0065      0.750925
           322       10.3936       11.1947      0.824365
           323       10.3936       11.1766      0.917345
           324       10.3936         10.82      0.718867
           325       10.3936       11.3745        1.0866
           326       10.3936       11.6252       1.22029
           327       10.3936        11.861       1.17152
           328       10.3936       11.7101       1.26119
           329       10.3936       11.5746       1.15941
           330       10.3936       11.7493       1.14133
           331       10.3936       11.8168       1.29743
           332       10.3936       11.5343       1.10919
           333       10.3936       11.6714       1.14288
           334       10.3936       11.2045      0.970498
           335       10.3936       11.4062         1.036
           336       10.3936        11.855       1.28339
           337       10.3936       11.9931       1.33029
           338       10.3936       11.5369       1.10379
           339       10.3936       11.4719       1.25519
           340       10.3936       11.5477       1.17564
           341       10.3936       11.7832       1.39013
           342       10.3936       11.6585       1.35391
           343       10.3936       11.9237       1.25136
           344       10.3936       11.9112       1.18216
           345       10.3936       11.2251      0.848862
           346       10.3936       11.4249       1.11897
           347       10.3936       11.4326       1.10771
           348       10.3936       11.4972        1.1583
           349       10.3936       11.0284      0.913597
           350       10.3936       11.1552       1.09833
           351       10.3936       10.9711       0.85284
           352       10.3936       11.7346       1.31011
           353       10.3936       11.3237       1.10132
           354       10.3936       11.7688       1.04155
           355       10.3936       11.6813       1.14773
           356       10.3936       11.1844      0.991224
           357       10.3936       11.1984      0.990491
           358       10.3936        11.058       0.92563
           359       10.3936        11.296       1.10268
           360       10.3936       11.0103      0.744419
           361       10.3936       10.7077      0.507405
           362       10.3936       11.0856      0.999735
           363       10.3936       11.2791       1.15498
           364       10.3936       10.9747      0.844892
           365       10.3936       10.9799       1.00184
           366       10.3936       11.2639       1.12417
           367       10.3936       10.9277      0.702697
           368       10.3936       11.3128      0.842913
           369       10.3936        11.049      0.752233
           370       10.3936        11.105       0.88008
           371       10.3936       11.5241        1.1612
           372       10.3936       11.0539      0.974942
           373       10.3936       10.8898       0.70669
           374       10.3936       10.8807      0.787818
           375       10.3936       10.9554      0.821174
           376       10.3936       11.2932       1.07415
           377       10.3936       12.0175       1.32992
           378       10.3936       11.7876        1.3748
           379       10.3936       11.7737       1.37857
           380       10.3936       11.8457        1.4534
           381       10.3936         11.47       1.00867
           382       10.3936        11.646       1.13211
           383       10.3936       12.0211       1.39686
           384       10.3936       11.7041       1.26504
           385       10.3936       11.6623       1.32946
           386       10.3891       11.8141       1.32833
           387       10.3891       11.3464      0.974098
           388       10.3891       11.5138       1.06261
           389       10.3891       11.1673      0.756618
           390       10.3891       11.2205      0.969305
           391       10.3891       11.1384      0.907507
           392       10.3891       11.4496       1.12431
           393       10.3891       11.8388       1.37146
           394       10.3891       11.6231       1.17653
           395       10.3891       11.5909       1.23544
           396       10.3891       11.3157       1.05156
           397       10.3891       11.2424      0.897082
           398       10.3891       11.0706      0.785085
           399       10.3891       11.2636      0.938426
           400       10.3891       11.1924      0.983743
           401       10.3891       11.0269      0.734538
           402       10.3891       10.8064      0.695008
           403       10.3891       10.7637      0.627612
           404       10.3891       10.7617      0.635451
           405       10.3891       11.1049      0.764789
           406       10.3891       11.3642      0.969728
           407       10.3891       11.2669      0.921009
           408       10.3891       11.3636       1.16643
           409       10.3891       11.4117       1.15346
           410       10.3891       11.8942       1.35428
           411       10.3891       11.2587       1.07084
           412       10.3891       10.8352      0.662592
           413       10.3891       10.7506      0.595356
           414       10.3891       10.8761       0.85967
           415       10.3891       10.9331      0.837153
           416       10.3891       11.1517      0.895206
           417       10.3891       10.9358      0.712243
           418       10.3891       10.9314      0.778658
           419       10.3891        10.724      0.560806
           420       10.3891       11.0157      0.813996
           421       10.3891       10.7224      0.561334
           422       10.3891       11.0708      0.843963
           423       10.3891       11.3981       1.09174
           424       10.3891       11.6069       1.13872
           425       10.3891       11.8562       1.12021
           426       10.3891       12.1348       1.55473
           427       10.3891       12.0365       1.35268
           428       10.3891       11.7587       1.21991
           429       10.3891       11.4806        1.1916
           430       10.3891       11.2545       1.07371
           431       10.3891        11.217       1.13154
           432       10.3891       11.1928       1.05928
           433       10.3891       10.8539      0.704129
           434       10.3891       11.2987       1.03895
           435       10.3891       11.6393        1.3444
           436       10.3891       12.0275        1.3625
           437       10.3891       11.7294       1.30916
           438       10.3891       11.2013       1.02322
           439       10.3891       11.0195      0.962962
           440       10.3891       10.8061      0.658981
           441       10.3891       10.6593      0.513719
           442       10.3891       11.3319       1.15439
           443       10.3891       10.9531      0.855247
           444       10.3891       11.0135      0.785777
           445       10.3891       11.3211       1.14555
           446       10.3891       11.2127       0.88369
           447       10.3891       10.9484      0.715473
           448       10.3891       10.9604      0.870312
           449       10.3891       10.6919      0.580151
           450       10.3891       11.4854       1.19586
           451       10.3891       11.1625       1.12061
           452       10.3891        11.421       1.38196
           453       10.3891       11.6445       1.49227
           454       10.3891       10.8746      0.725714
           455       10.3891       10.8445      0.708295
           456       10.3891       11.0507      0.871568
           457       10.3891       11.0768      0.884544
           458       10.3891       10.6855      0.482687
           459       10.3891       10.8409      0.617821
           460       10.3891       10.6687      0.516078
           461       10.3891       11.0316      0.908362
           462       10.3891       11.2143      0.940089
           463       10.3891       11.0355      0.867933
           464       10.3891       11.3546      0.979336
           465       10.3891       11.0951       0.81836
           466       10.3891       11.3891        1.0993
           467       10.3891       11.1784      0.938949
           468       10.3891       11.5422       1.18346
           469       10.3891       11.4115       1.18257
           470       10.3891       11.3984       1.14389
           471       10.3891       12.4161       1.45895
           472       10.3891       11.8659        1.2457
           473       10.3891         11.39        1.0999
           474       10.3891       11.0563      0.885124
           475       10.3891       11.2442       0.99451
           476       10.3891       11.4248       1.16737
           477       10.3891       11.2073       1.06583
           478       10.3891       11.5567       1.08779
           479       10.3891        11.469       1.20091
           480       10.3891       11.9352       1.47922
           481       10.3891       11.7779       1.37687
           482       10.3891       11.4491       1.12093
           483       10.3891        11.946       1.31562
           484       10.3891       12.1165       1.37907
           485       10.3891       12.2869       1.24536
           486       10.3891       12.3986       1.48693
           487       10.3891       11.6507       1.19828
           488       10.3891       11.2341      0.907318
           489       10.3891       11.6427       1.14539
           490       10.3891       11.4035      0.917463
           491       10.3891       11.5087       1.03521
           492       10.3891       11.0007      0.848912
           493       10.3891       11.8003       1.38785
           494       10.3891       11.1785       1.01082
           495       10.3891       11.7695       1.29186
           496       10.3891       12.0489       1.24187
           497       10.3891       11.2239      0.908419
           498       10.3891       11.3179       1.05683
           499       10.3891       11.5354       1.11444
           500       10.3891        11.172      0.941439
           501       10.3891        11.247      0.993739
           502       10.3891       11.4875       1.16556
           503       10.3891       11.4537       1.13179
           504       10.3891       11.7797       1.27871
           505       10.3891       11.6323       1.09413
           506       10.3891       11.9038       1.25524
           507       10.3891       11.6982          1.24
           508       10.3891       11.2788       1.05485
           509       10.3891       11.2911       1.09011
           510       10.3891        11.358       1.10487
           511       10.3891       11.1267      0.979609
           512       10.3891       10.9627      0.715197
           513       10.3891       11.0069      0.837129
           514       10.3891       11.2122      0.892517
           515       10.3891       11.4858       1.10265
           516       10.3891       11.5098        1.0777
           517       10.3891       11.3997      0.998478
           518       10.3891       11.1835      0.989215
           519       10.3891       10.9882      0.827744
           520       10.3891       11.0471      0.851292
           521       10.3891        10.627      0.449841
           522       10.3891       10.9517      0.833357
           523       10.3891       10.6483      0.527792
           524       10.3891       10.9953       0.87566
           525       10.3891       11.2283       1.05227
           526       10.3891       11.0561      0.873137
           527       10.3891       10.9586      0.681574
           528       10.3891       10.9895       0.75536
           529       10.3891       11.0602      0.924406
           530       10.3891       11.0912      0.891481
           531       10.3891       10.9991      0.876763
           532       10.3891       11.2356       0.98884
           533       10.3891       11.3879        1.0054
           534       10.3891       10.9373      0.726635
           535       10.3891       10.5236      0.291159
           536       10.3891        10.621      0.431414
           537       10.3891       10.6859      0.478402
           538       10.3891       10.7608      0.577286
           539       10.3891        10.898      0.679732
           540       10.3891       11.1352      0.809788
           541       10.3891       11.5321      0.998349
           542       10.3891       11.6095       1.23141
           543       10.3891       11.4916       1.08537
           544       10.3891         11.47        1.0016
           545       10.3891        11.613       1.13326
           546       10.3891       11.6843       1.28493
           547       10.3891       11.4813        1.0138
           548       10.3891       11.8433        1.2898
           549       10.3891       11.5639       1.19824
           550       10.3891       11.0004      0.834726
           551       10.3891       10.9428      0.774527
           552       10.3891        11.617       1.12932
           553       10.3891       11.4385       1.11406
           554       10.3891       11.0625      0.791171
           555       10.3891       11.4445       1.14309
           556       10.3891       11.2886       1.13755
           557       10.3891       11.0502      0.904353
           558       10.3891       11.1481      0.998613
           559       10.3891       11.3492       1.19234
           560       10.3891       11.6205       1.22595
           561       10.3891        11.589       1.04722
           562       10.3891        11.938       1.00324
           563       10.3891       11.8458       1.19824
           564       10.3891       11.7791       1.14079
           565       10.3891       11.3486       0.83828
           566       10.3891       11.3383       0.98339
           567       10.3891       11.1803       0.90229
           568       10.3891       11.1001      0.774862
           569       10.3891       10.9859       0.69118
           570       10.3891       11.2493       1.13491
           571       10.3891       11.3402       1.24746
           572       10.3891       11.4951       1.32922
           573       10.3891       11.4656       1.34204
           574       10.3891       11.6265       1.32292
           575       10.3891       11.1922        0.9332
           576       10.3891       11.2255       1.09616
           577       10.3891       11.5293       1.31154
           578       10.3891       11.9317       1.52802
           579       10.3891       11.6022       1.33708
           580       10.1473        11.572       1.25948
           581       10.1473       11.8821       1.21349
           582       10.1473       11.5452       1.13583
           583       10.1473       11.3603       1.17695
           584       10.1473       11.2234        1.0875
           585       10.1473       10.9803      0.911731
           586       10.1473       10.8412      0.951366
           587       10.1473       10.8947       1.02767
           588       10.1473       10.7757       1.00081
           589       10.1473       10.8498      0.865337
           590       10.1473       10.9947      0.938842
           591       10.1473       10.6996      0.726583
           592       10.1473       10.8679      0.851874
           593       10.1473       10.5112      0.603016
           594       10.1473       10.6353      0.781359
           595       10.1473       11.1738       1.28789
           596       10.1473       11.0072       1.02775
           597       10.1473       10.9521       1.04902
           598       10.1473       10.8332       1.01593
           599       10.1473       10.7849      0.929987
           600       10.1473       10.6478      0.786934
           601       10.1473       10.7688      0.876597
           602       10.1473       10.7145      0.762843
           603       10.1473       11.2613        1.2025
           604       10.1473       11.3779       1.19366
           605       10.1473       11.2186       1.21995
           606       10.1473       10.5835      0.788466
           607       10.1473       10.6704      0.829021
           608       10.0953       10.7719      0.878476
           609       10.0953       10.9258       1.06029
           610       10.0953       11.0329       1.11194
           611       10.0953       11.1809       1.08205
           612       10.0953       11.0916       1.06344
           613       10.0953       11.0021      0.985642
           614       10.0953       10.9923       0.98851
           615       10.0953       10.9285      0.967442
           616       10.0953       10.9997       1.09037
           617       10.0953        10.897      0.951087
           618       10.0953       10.9383       1.01718
           619       10.0953       10.8018      0.896355
           620       10.0953       10.7838      0.909759
           621       10.0953       10.7536      0.839067
           622       10.0953        10.547      0.702184
           623       10.0953       11.2001       1.32561
           624       10.0953       10.6249      0.843777
           625       10.0953       11.0015      0.968118
           626       10.0953       11.0514       1.06425
           627       10.0953        11.033       1.18131
           628       10.0953       10.7143      0.853002
           629       10.0953       10.4543      0.539939
           630       10.0953       10.3595      0.449762
           631       10.0953       10.5352      0.625474
           632       10.0953       10.8787       1.00016
           633       10.0953       10.7849       1.00138
           634       10.0953       10.7534      0.946272
           635       10.0953        10.868       0.92026
           636       10.0953        10.664      0.873914
           637       10.0953       10.2675      0.475693
           638       10.0953        10.255      0.397516
           639       10.0953       10.6499      0.817143
           640       10.0953       10.8606      0.949699
           641       10.0953       11.2105       1.01586
           642       10.0953       10.9048       1.08189
           643       10.0953       11.2522       1.19038
           644       10.0953       11.3536       1.09357
           645       10.0953       11.3144       1.06725
           646       10.0953       11.1305      0.969271
           647       10.0953       11.8164       1.57886
           648       10.0953       11.5884       1.62797
           649       10.0953       11.2729       1.31984
           650       10.0953       11.3408        1.2581
           651       10.0953       11.0616       1.07439
           652       10.0953       11.0897       1.19665
           653       10.0953       11.4155       1.29818
           654       10.0953       11.1398       1.20327
           655       10.0953       11.4481       1.33107
           656       10.0953        11.731       1.45815
           657       10.0953       11.8776       1.57574
           658       10.0953       11.3115       1.26205
           659       10.0953       11.0317       1.04142
           660       10.0953       10.5639      0.728706
           661       10.0953       10.5769      0.762351
           662       10.0953       10.6075      0.778819
           663       10.0953       10.6818      0.917547
           664       10.0953       11.2162       1.15335
           665       10.0953       11.1943        1.1548
           666       10.0953       11.5325       1.21005
           667       10.0953       11.4537       1.17622
           668       10.0953        11.683        1.5059
           669       10.0953       11.4872       1.45847
           670       10.0953       11.2797       1.33169
           671       10.0953       11.2332       1.38989
           672       10.0953       10.9421       1.12046
           673       10.0953       11.3514       1.27516
           674       10.0953       11.2443       1.26253
           675       10.0953       11.6464       1.39286
           676       10.0953       11.6696       1.24143
           677       10.0953       11.4292       1.07156
           678       10.0953       11.3395       1.00959
           679       10.0953       11.5481       1.09644
           680       10.0953       11.7758       1.22465
           681       10.0953       11.3798       1.25756
           682       10.0953       11.0695       1.13849
           683       10.0953       11.3936       1.11607
           684       10.0953       11.2691       1.04518
           685       10.0953       11.2735      0.990527
           686       10.0953       11.7689       1.24599
           687       10.0953       12.2591       1.33714
           688       10.0953       12.3654       1.81171
           689       10.0953       11.6482       1.35261
           690       10.0953       12.2089       1.42404
           691       10.0953       11.0755      0.996516
           692       10.0953       11.2345       1.19351
           693       10.0953       11.4975       1.25476
           694       10.0953       11.1181        1.1006
           695       10.0953       11.2292       1.09049
           696       10.0953       11.5004       1.33296
           697       10.0953       11.4019       1.29761
           698       10.0953       11.2878       1.20076
           699       10.0953       10.7313      0.857447
           700       10.0953       11.5068       1.31825
           701       10.0953       11.5714       1.30897
           702       10.0953       11.4419       1.23204
           703       10.0953       11.2635       1.11637
           704       10.0953       11.1949       1.04623
           705       10.0953       11.4713       1.29906
           706       10.0953        12.004       1.32243
           707       10.0953       11.2848       1.12112
           708       10.0953       11.5133       1.07401
           709       10.0953       11.8551       1.47075
           710       10.0953       11.2865       1.12348
           711       10.0953       10.7918       1.00037
           712       10.0953       10.5069      0.760977
           713       10.0953       10.8381       0.96276
           714       10.0953       10.5763      0.776947
           715       10.0953       10.8281      0.978703
           716       10.0953       10.5634      0.696925
           717       10.0953       10.7682      0.883132
           718       10.0953       10.6197      0.787224
           719       10.0953       10.7592      0.899537
           720       10.0953       10.1797      0.237605
           721       10.0953       10.2451      0.309231
           722       10.0953       10.4623      0.641333
           723       10.0953       10.4157      0.563846
           724       10.0953       10.3742      0.530321
           725       10.0953       10.6306      0.745915
           726       10.0953       10.4702      0.705547
           727       10.0953       10.4606      0.555863
           728       10.0953        10.617      0.774222
           729       10.0953        10.993       1.16598
           730       10.0953        10.879      0.967239
           731       10.0953        10.991       1.05942
           732       10.0953       11.1649          1.29
           733       10.0953       10.8969       1.07325
           734       10.0953       10.8902      0.969357
           735       10.0953       11.3822       1.27152
           736       10.0953       11.3446       1.27174
           737       10.0953       10.8284       1.00166
           738       10.0953       10.6094      0.733793
           739       10.0953       10.9594      0.998889
           740       10.0953        11.251       1.21912
           741       10.0953       11.2651       1.04695
           742       10.0953       11.4267       1.14035
           743       10.0953       11.8432       1.31262
           744       10.0953       11.7794       1.42558
           745       10.0953       12.0057       1.41124
           746       10.0953       12.4446       1.42993
           747       10.0953       11.8456       1.46303
           748       10.0953       11.1718       1.19411
           749       10.0953       11.2544       1.19822
           750       10.0953       11.4335       1.31725
           751       10.0953       11.0344       1.30422
           752       10.0953       10.7376      0.902138
           753       10.0953       10.6922      0.891323
           754       10.0953       10.7337      0.915723
           755       10.0953       11.0195      0.960002
           756       10.0953       10.7119      0.753574
           757       10.0953        11.201       1.07396
           758       10.0953       11.4574       1.26078
           759       10.0953       11.1645       1.17802
           760       10.0953       11.1778       1.25706
           761       10.0953       11.7535       1.43534
           762       10.0953        11.814       1.33426
           763       10.0953       11.1716       1.01374
           764       10.0953       10.9965      0.946165
           765       10.0953       10.6833      0.822627
           766       10.0953       10.9637       1.10574
           767       10.0953       11.0775       1.15374
           768       10.0953       10.9788       1.12837
           769       10.0953       10.6804      0.836872
           770       10.0953       10.8505      0.996505
           771       10.0953       10.6551      0.745365
           772       10.0953       10.4229      0.569699
           773       10.0953       10.7565      0.877523
           774       10.0953       10.5778      0.743073
           775       10.0953       10.3434      0.515505
           776       10.0953       10.5992      0.909555
           777       10.0953       10.9049       1.10535
           778       10.0953        10.654      0.873405
           779       10.0953       11.0251       1.10115
           780       10.0953       10.8603       1.01274
           781       10.0953        10.587      0.781434
           782       10.0953       10.8431       1.02928
           783       10.0953       10.7189      0.847149
           784       10.0953       10.7442      0.959557
           785       10.0953       11.5077       1.18493
           786       10.0953       11.1934       0.96207
           787       10.0953        11.336      0.993906
           788       10.0953       10.9832      0.933383
           789       10.0953       11.0175      0.961719
           790       10.0953       10.8361      0.905988
           791       10.0953       10.8377      0.929652
           792       10.0953       10.8608      0.955182
           793       10.0953       10.9315       1.04135
           794       10.0953       10.8132       1.02921
           795       10.0953       10.5261      0.735535
           796       10.0953       10.4857      0.680867
           797       10.0953       11.0017       1.13139
           798       10.0953       11.0148       1.06039
           799       10.0953       11.2418       1.15389
           800       10.0953       10.5663      0.714412
           801       10.0953       10.8583      0.951576
           802       10.0953       10.7727      0.964863
           803       10.0953       10.9006       1.00911
           804       10.0953       10.4772      0.676017
           805       10.0953       10.9494       1.17714
           806       10.0953       10.6971      0.942745
           807       10.0953        10.497      0.710046
           808       10.0953       10.6966      0.814371
           809       10.0953       10.8976      0.832248
           810       10.0953       10.6213      0.702726
           811       10.0953       11.1827       1.09379
           812       10.0953       11.5599       1.23514
           813       10.0953       11.5351       1.28506
           814       10.0953       11.2857       1.21128
           815       10.0953       11.5229       1.34528
           816       10.0953       11.3196       1.26868
           817       10.0953       10.8076      0.866105
           818       10.0953       11.8526       1.34166
           819       10.0953       11.5045       1.24016
           820       10.0953       11.6616       1.24519
           821       10.0953       11.8475       1.32513
           822       10.0953       11.3015       1.18129
           823       10.0953       11.3832       1.25168
           824       10.0953       11.1744       1.18175
           825       10.0953       11.5253       1.18155
           826       10.0953       11.4575       1.26337
           827       10.0953       11.0033       1.08152
           828       10.0953       11.0307       1.16549
           829       10.0953       10.9321       1.18611
           830       10.0953       11.0484       1.22501
           831       10.0953       11.0476       1.07428
           832       10.0953       11.0932       1.11127
           833       10.0953       11.5225       1.24126
           834       10.0953         11.17       1.18471
           835       10.0953       10.9171      0.913111
           836       10.0953       10.8717      0.971875
           837       10.0953       10.7348       0.88002
           838       10.0953       10.5352      0.734411
           839       10.0953       11.0416       1.21388
           840       10.0953       10.7189      0.910117
           841       10.0953       10.6726      0.896599
           842       10.0953       10.9346       1.02483
           843       10.0953       11.2181       1.25618
           844       10.0953       11.6124        1.3851
           845       10.0953       11.4885       1.19675
           846       10.0953       11.1578       1.12925
           847       10.0953       10.9915       1.08434
           848       10.0953       10.7576       1.00157
           849       10.0953       10.6071      0.895036
           850       10.0953       10.8067       1.04891
           851       10.0953       11.2441       1.17626
           852       10.0953       11.1645       1.16466
           853       10.0953       10.7261      0.937594
           854       10.0953        11.064       1.03363
           855       10.0953       11.2437       1.26835
           856       10.0953       10.8447      0.957184
           857       10.0953       11.0373       1.08481
           858       10.0953       11.0817       1.04508
           859       10.0953       10.6925      0.738211
           860       10.0953       10.7449       0.81818
           861       10.0953       10.9862       1.17713
           862       10.0953       11.0851       1.29325
           863       10.0953       10.6608       0.92916
           864       10.0953       10.4649      0.727645
           865       10.0953       10.6317       0.81368
           866       10.0953        10.842       1.00524
           867       10.0953       10.6971      0.912686
           868       10.0953       10.8469       1.05808
           869       10.0953       11.2235       1.06855
           870       10.0953       11.2217       1.16788
           871       10.0953       11.2137       1.01335
           872       10.0953       10.7331      0.753548
           873       10.0953       10.9796       1.14473
           874       10.0953       10.6485      0.900885
           875       10.0953       10.7997       1.13802
           876       10.0953       10.7274        0.9486
           877       10.0953       10.7689      0.986882
           878       10.0953       10.3573      0.569158
           879       10.0953       10.7574      0.906498
           880       10.0953       10.6125      0.832635
           881       10.0953       10.4897      0.659922
           882       10.0953       10.5092      0.664162
           883       10.0953       10.9547       1.07354
           884       10.0953       10.5673      0.816772
           885       10.0953       10.9788       1.13595
           886       10.0953       10.6213      0.810678
           887       10.0953       10.5478      0.667911
           888       10.0953       10.5468      0.698122
           889       10.0953        11.069       1.08743
           890       10.0953        10.764      0.909379
           891       10.0953       10.9903      0.932728
           892       10.0953       10.5933      0.743353
           893       10.0953       10.7433      0.897991
           894       10.0953       10.8291      0.933629
           895       10.0953       10.9894      0.994569
           896       10.0953       10.9624       1.10388
           897       10.0953       10.7341      0.947179
           898       10.0953       10.8009      0.974684
           899       10.0953       11.0359       1.07512
           900       10.0953       11.4096       1.47202
           901       10.0953       10.7331       1.00339
           902       10.0953       10.7049       0.93746
           903       10.0953       10.7431       1.06477
           904       10.0953       11.3977       1.37252
           905       10.0953       10.7025        1.0429
           906       10.0953       10.7824       1.06549
           907       10.0953       10.5542      0.716903
           908       10.0953       11.1242       1.12274
           909       10.0953       11.3231       1.14462
           910       10.0953       11.4352        1.1126
           911       10.0953       11.4436       1.25731
           912       10.0953       11.3972       1.15622
           913       10.0953       11.5886       1.41731
           914       10.0953       11.2306       1.24836
           915       10.0953       10.8651      0.831193
           916       10.0953       11.0281       0.92003
           917       10.0953       11.2952       1.08478
           918       10.0953       11.1732       1.02825
           919       10.0953       10.9261      0.954679
           920       10.0953       10.6194      0.664761
           921       10.0953        11.168       1.07356
           922       10.0953       11.2525       1.11927
           923       10.0953       11.2905       1.23546
           924       10.0953       11.1475       1.13126
           925       10.0953       10.7394      0.828152
           926       10.0953       10.8764      0.980862
           927       10.0953       11.5949       1.31791
           928       10.0953       11.0939       1.13973
           929       10.0953       10.9179      0.990029
           930       10.0953       10.8608      0.836842
           931       10.0953       10.8842      0.898432
           932       10.0953       11.1396       1.23041
           933       10.0953       11.1992       1.21689
           934       10.0953        11.195       1.34684
           935       10.0953       10.8914       1.11673
           936       10.0953       10.9667       1.00095
           937       10.0953       11.3116       1.16899
           938       10.0953       11.0935       1.04551
           939       10.0953        10.989      0.898744
           940       10.0953       10.5912      0.680278
           941       10.0953       10.9756      0.990511
           942       10.0953       10.7502      0.860238
           943       10.0953        10.524      0.629208
           944       10.0953        10.908      0.825006
           945       10.0953       10.7469      0.801834
           946       10.0953       10.7943      0.921331
           947       10.0953       10.9391      0.951545
           948       10.0953        11.084       1.05792
           949       10.0171       11.2821       1.16293
           950       10.0171       11.2113       1.20747
           951       10.0171       11.0205       1.15934
           952       10.0171       11.0577       1.29652
           953       10.0171       10.7919      0.855833
           954       10.0171       10.6761      0.864765
           955       10.0171       10.6536      0.955212
           956       10.0171       10.4633      0.620597
           957       10.0171       10.5907      0.814876
           958       10.0171       10.9326       1.19757
           959       10.0171       10.7244       0.90623
           960       10.0171       10.8267      0.990702
           961       10.0171       11.1651       1.14832
           962       10.0171       10.4626       0.75649
           963       10.0171       10.3661      0.579558
           964       10.0171       10.7052      0.963138
           965       10.0171        10.443      0.686602
           966       10.0171       10.6034      0.750224
           967       10.0171       10.6001      0.777231
           968       10.0171       10.9784       1.09034
           969       10.0171       11.1276       1.05103
           970       10.0171       10.5727      0.838428
           971       10.0171       10.5584      0.800002
           972       10.0171       10.6694      0.739773
           973       10.0171       10.9766       1.11641
           974       10.0171         11.41       1.42435
           975       10.0171       11.6736       1.45477
           976       10.0171       11.5658       1.33298
           977       10.0171       10.7468       1.00458
           978       10.0171       10.4064      0.621811
           979       10.0171        10.328      0.542241
           980       10.0171        10.597      0.738352
           981       10.0171       10.8792       1.00312
           982       10.0171       10.8526      0.936544
           983       10.0171       10.6271      0.878296
           984       10.0171       10.4349      0.677406
           985       10.0171       10.7147      0.883681
           986       9.99609       10.8516       1.04232
           987       9.99609       11.1393       1.17724
           988       9.99609       11.5546       1.28657
           989       9.99609       10.5437      0.720278
           990       9.99609       10.6582      0.795967
           991       9.99609       10.3762      0.669723
           992       9.99609       10.4959      0.729919
           993       9.99609       10.6321      0.827987
           994       9.99609       10.8026      0.943734
           995       9.99609        10.963      0.939398
           996       9.99609       11.3646       1.03337
           997       9.99609       12.3721       1.59331
           998       9.99609       12.4629       1.50833
           999       9.99609        12.325       1.28974
          1000       9.99609       12.4722       1.36913
